0.6972 	WARNING 	We strongly recommend you activate the PTB sound engine in PsychoPy prefs as the preferred audio engine. Its timing is vastly superior. Your prefs are currently set to use ['sounddevice', 'PTB', 'pyo', 'pygame'] (in that order).
6.9435 	WARNING 	Couldn't measure a consistent frame rate.
  - Is your graphics card set to sync to vertical blank?
  - Are you running other processes on your computer?

6.9441 	EXP 	Created window1 = Window(allowGUI=True, allowStencil=False, autoLog=True, backendConf=UNKNOWN, bitsMode=UNKNOWN, blendMode='avg', bpc=(8, 8, 8), color=array([0, 0, 0]), colorSpace='rgb', depthBits=8, fullscr=<method-wrapper '__getattribute__' of attributeSetter object at 0x7fafc14e7b38>, gamma=None, gammaErrorPolicy='raise', lms=UNKNOWN, monitor=<psychopy.monitors.calibTools.Monitor object at 0x7fafc0632978>, multiSample=False, name='window1', numSamples=2, pos=[378.0, 245.5], screen=0, size=array([3024, 1964]), stencilBits=0, stereo=False, units='height', useFBO=True, useRetina=True, viewOri=0.0, viewPos=None, viewScale=None, waitBlanking=True, winType='pyglet')
6.9443 	EXP 	window1: mouseVisible = True
6.9443 	EXP 	window1: recordFrameIntervals = False
7.0254 	EXP 	window1: recordFrameIntervals = True
7.7312 	EXP 	window1: recordFrameIntervals = True
9.4055 	EXP 	Created text_consent_form = TextStim(__class__=<class 'psychopy.visual.text.TextStim'>, alignHoriz=method-wrapper(...), alignText='center', alignVert=method-wrapper(...), anchorHoriz='center', anchorVert='center', antialias=True, autoLog=True, bold=False, color=array([1., 1., 1.]), colorSpace='rgb', contrast=1.0, depth=-1.0, flipHoriz=False, flipVert=False, font='Open Sans', fontFiles=[], height=0.1, italic=False, languageStyle='LTR', name='text_consent_form', opacity=1, ori=0.0, pos=array([0., 0.]), rgb=UNKNOWN, text='hello', units='height', win=Window(...), wrapWidth=1)
9.7291 	EXP 	Created text_instructions_1 = TextStim(__class__=<class 'psychopy.visual.text.TextStim'>, alignHoriz=method-wrapper(...), alignText='center', alignVert=method-wrapper(...), anchorHoriz='center', anchorVert='center', antialias=True, autoLog=True, bold=False, color=array([1., 1., 1.]), colorSpace='rgb', contrast=1.0, depth=-1.0, flipHoriz=False, flipVert=False, font='Open Sans', fontFiles=[], height=0.05, italic=False, languageStyle='LTR', name='text_instructions_1', opacity=1, ori=0.0, pos=array([0., 0.]), rgb=UNKNOWN, text=str(...), units='height', win=Window(...), wrapWidth=1)
9.7335 	EXP 	Created demo_target = ImageStim(__class__=<class 'psychopy.visual.image.ImageStim'>, autoLog=True, color=array([1., 1., 1.]), colorSpace='rgb', contrast=1.0, depth=0.0, flipHoriz=False, flipVert=False, image='sin', interpolate=True, mask=None, maskParams=None, name='demo_target', opacity=1, ori=0.0, pos=array([0., 0.]), size=array([0.5, 0.5]), texRes=128.0, units='height', win=Window(...))
9.7362 	EXP 	Created image = ImageStim(__class__=<class 'psychopy.visual.image.ImageStim'>, autoLog=True, color=array([1., 1., 1.]), colorSpace='rgb', contrast=1.0, depth=-1.0, flipHoriz=False, flipVert=False, image='sin', interpolate=True, mask=None, maskParams=None, name='image', opacity=1, ori=0.0, pos=array([0., 0.]), size=array([0.5, 0.5]), texRes=128.0, units='height', win=Window(...))
9.7387 	EXP 	Created demo_right_image = ImageStim(__class__=<class 'psychopy.visual.image.ImageStim'>, autoLog=True, color=array([1., 1., 1.]), colorSpace='rgb', contrast=1.0, depth=-2.0, flipHoriz=False, flipVert=False, image='sin', interpolate=True, mask=None, maskParams=None, name='demo_right_image', opacity=1, ori=0.0, pos=array([0.3, 0. ]), size=array([0.5, 0.5]), texRes=128.0, units='height', win=Window(...))
9.7412 	EXP 	Created demo_left_image = ImageStim(__class__=<class 'psychopy.visual.image.ImageStim'>, autoLog=True, color=array([1., 1., 1.]), colorSpace='rgb', contrast=1.0, depth=-3.0, flipHoriz=False, flipVert=False, image='sin', interpolate=True, mask=None, maskParams=None, name='demo_left_image', opacity=1, ori=0.0, pos=array([-0.3,  0. ]), size=array([0.5, 0.5]), texRes=128.0, units='height', win=Window(...))
10.0601 	EXP 	Created choose_the_image_you_saw = TextStim(__class__=<class 'psychopy.visual.text.TextStim'>, alignHoriz=method-wrapper(...), alignText='center', alignVert=method-wrapper(...), anchorHoriz='center', anchorVert='center', antialias=True, autoLog=True, bold=False, color=array([1., 1., 1.]), colorSpace='rgb', contrast=1.0, depth=-5.0, flipHoriz=False, flipVert=False, font='Open Sans', fontFiles=[], height=0.03, italic=False, languageStyle='LTR', name='choose_the_image_you_saw', opacity=1, ori=0.0, pos=array([0. , 0.3]), rgb=UNKNOWN, text='choose the image you have previously seen', units='height', win=Window(...), wrapWidth=1)
10.3693 	EXP 	Created text_after_demo_instr = TextStim(__class__=<class 'psychopy.visual.text.TextStim'>, alignHoriz=method-wrapper(...), alignText='center', alignVert=method-wrapper(...), anchorHoriz='center', anchorVert='center', antialias=True, autoLog=True, bold=False, color=array([1., 1., 1.]), colorSpace='rgb', contrast=1.0, depth=-1.0, flipHoriz=False, flipVert=False, font='Open Sans', fontFiles=[], height=0.05, italic=False, languageStyle='LTR', name='text_after_demo_instr', opacity=1, ori=0.0, pos=array([0., 0.]), rgb=UNKNOWN, text=str(...), units='height', win=Window(...), wrapWidth=1)
10.3722 	EXP 	Created exp_target_image = ImageStim(__class__=<class 'psychopy.visual.image.ImageStim'>, autoLog=True, color=array([1., 1., 1.]), colorSpace='rgb', contrast=1.0, depth=0.0, flipHoriz=False, flipVert=False, image='sin', interpolate=True, mask=None, maskParams=None, name='exp_target_image', opacity=1, ori=0.0, pos=array([0., 0.]), size=array([0.5, 0.5]), texRes=128.0, units='height', win=Window(...))
10.3747 	EXP 	Created exp_mask = ImageStim(__class__=<class 'psychopy.visual.image.ImageStim'>, autoLog=True, color=array([1., 1., 1.]), colorSpace='rgb', contrast=1.0, depth=-1.0, flipHoriz=False, flipVert=False, image='sin', interpolate=True, mask=None, maskParams=None, name='exp_mask', opacity=1, ori=0.0, pos=array([0., 0.]), size=array([0.5, 0.5]), texRes=128.0, units='height', win=Window(...))
10.3771 	EXP 	Created exp_right_image = ImageStim(__class__=<class 'psychopy.visual.image.ImageStim'>, autoLog=True, color=array([1., 1., 1.]), colorSpace='rgb', contrast=1.0, depth=-2.0, flipHoriz=False, flipVert=False, image='sin', interpolate=True, mask=None, maskParams=None, name='exp_right_image', opacity=1, ori=0.0, pos=array([0.3, 0. ]), size=array([0.5, 0.5]), texRes=128.0, units='height', win=Window(...))
10.3796 	EXP 	Created exp_left_image = ImageStim(__class__=<class 'psychopy.visual.image.ImageStim'>, autoLog=True, color=array([1., 1., 1.]), colorSpace='rgb', contrast=1.0, depth=-3.0, flipHoriz=False, flipVert=False, image='sin', interpolate=True, mask=None, maskParams=None, name='exp_left_image', opacity=1, ori=0.0, pos=array([-0.3,  0. ]), size=array([0.5, 0.5]), texRes=128.0, units='height', win=Window(...))
10.3803 	EXP 	Created text = TextStim(__class__=<class 'psychopy.visual.text.TextStim'>, alignHoriz=method-wrapper(...), alignText='center', alignVert=method-wrapper(...), anchorHoriz='center', anchorVert='center', antialias=True, autoLog=True, bold=False, color=array([1., 1., 1.]), colorSpace='rgb', contrast=1.0, depth=-4.0, flipHoriz=False, flipVert=False, font='Open Sans', fontFiles=[], height=0.1, italic=False, languageStyle='LTR', name='text', opacity=1, ori=0.0, pos=array([0., 0.]), rgb=UNKNOWN, text='', units='height', win=Window(...), wrapWidth=1)
10.7033 	WARNING 	t of last frame was 2972.51ms (=1/0)
10.7033 	EXP 	text_consent_form: autoDraw = True
11.6358 	EXP 	text_consent_form: autoDraw = False
11.6358 	EXP 	text_instructions_1: autoDraw = True
11.6411 	DATA 	Keypress: space
12.0797 	EXP 	Imported demo_encoding.xlsx as conditions, 6 conditions, 5 params
12.0806 	EXP 	Created sequence: sequential, trialTypes=6, nReps=1, seed=None
12.0811 	EXP 	New trial (rep=0, index=0): {'demo_target_image': 'flower1.jpg', 'demo_test_image_left': 'flower1.jpg', 'demo_test_image_right': 'flower1_pair.jpg', 'demo_test_correct': 'left', 'noise_pattern': 'noise_1.png'}
12.1519 	DATA 	Keypress: space
12.1558 	WARNING 	t of last frame was 92.06ms (=1/10)
12.1558 	EXP 	text_instructions_1: autoDraw = False
12.1558 	EXP 	demo_target: image = 'flower1.jpg'
12.1558 	EXP 	image: image = 'noise_1.png'
12.1558 	EXP 	demo_right_image: image = 'flower1_pair.jpg'
12.1558 	EXP 	demo_left_image: image = 'flower1.jpg'
12.1558 	EXP 	demo_target: autoDraw = True
12.2787 	EXP 	image: autoDraw = True
12.3053 	EXP 	demo_target: autoDraw = False
12.4301 	EXP 	image: autoDraw = False
12.4301 	EXP 	demo_right_image: autoDraw = True
12.4301 	EXP 	demo_left_image: autoDraw = True
12.4301 	EXP 	choose_the_image_you_saw: autoDraw = True
14.2733 	WARNING 	t of last frame was 25.31ms (=1/39)
19.7093 	EXP 	New trial (rep=0, index=1): {'demo_target_image': 'flower2.jpg', 'demo_test_image_left': 'flower2_pair.jpg', 'demo_test_image_right': 'flower2.jpg', 'demo_test_correct': 'right', 'noise_pattern': 'noise_2.png'}
19.7864 	DATA 	Keypress: left
19.7898 	WARNING 	t of last frame was 81.70ms (=1/12)
19.7898 	EXP 	demo_target: autoDraw = False
19.7898 	EXP 	image: autoDraw = False
19.7898 	EXP 	demo_right_image: autoDraw = False
19.7898 	EXP 	demo_left_image: autoDraw = False
19.7898 	EXP 	choose_the_image_you_saw: autoDraw = False
19.7898 	EXP 	demo_target: image = 'flower2.jpg'
19.7898 	EXP 	image: image = 'noise_2.png'
19.7898 	EXP 	demo_right_image: image = 'flower2.jpg'
19.7898 	EXP 	demo_left_image: image = 'flower2_pair.jpg'
19.7898 	EXP 	demo_target: autoDraw = True
19.8886 	EXP 	image: autoDraw = True
19.9385 	EXP 	demo_target: autoDraw = False
20.0386 	EXP 	image: autoDraw = False
20.0386 	EXP 	demo_right_image: autoDraw = True
20.0386 	EXP 	demo_left_image: autoDraw = True
20.0386 	EXP 	choose_the_image_you_saw: autoDraw = True
28.0819 	EXP 	New trial (rep=0, index=2): {'demo_target_image': 'flower3.jpg', 'demo_test_image_left': 'flower3.jpg', 'demo_test_image_right': 'flower3_pair.jpg', 'demo_test_correct': 'left', 'noise_pattern': 'noise_3.png'}
28.1156 	DATA 	Keypress: right
28.1179 	WARNING 	Multiple dropped frames have occurred - I'll stop bothering you about them!
28.1179 	EXP 	demo_target: autoDraw = False
28.1179 	EXP 	image: autoDraw = False
28.1179 	EXP 	demo_right_image: autoDraw = False
28.1179 	EXP 	demo_left_image: autoDraw = False
28.1179 	EXP 	choose_the_image_you_saw: autoDraw = False
28.1179 	EXP 	demo_target: image = 'flower3.jpg'
28.1179 	EXP 	image: image = 'noise_3.png'
28.1179 	EXP 	demo_right_image: image = 'flower3_pair.jpg'
28.1179 	EXP 	demo_left_image: image = 'flower3.jpg'
28.1179 	EXP 	demo_target: autoDraw = True
28.2458 	EXP 	image: autoDraw = True
28.2708 	EXP 	demo_target: autoDraw = False
28.3827 	EXP 	image: autoDraw = False
28.3963 	EXP 	demo_right_image: autoDraw = True
28.3963 	EXP 	demo_left_image: autoDraw = True
28.3963 	EXP 	choose_the_image_you_saw: autoDraw = True
29.3069 	EXP 	New trial (rep=0, index=3): {'demo_target_image': 'flower4.jpg', 'demo_test_image_left': 'flower4.jpg', 'demo_test_image_right': 'flower4_pair.jpg', 'demo_test_correct': 'left', 'noise_pattern': 'noise_4.png'}
29.3382 	DATA 	Keypress: left
29.3405 	EXP 	demo_target: autoDraw = False
29.3405 	EXP 	image: autoDraw = False
29.3405 	EXP 	demo_right_image: autoDraw = False
29.3405 	EXP 	demo_left_image: autoDraw = False
29.3405 	EXP 	choose_the_image_you_saw: autoDraw = False
29.3405 	EXP 	demo_target: image = 'flower4.jpg'
29.3405 	EXP 	image: image = 'noise_4.png'
29.3405 	EXP 	demo_right_image: image = 'flower4_pair.jpg'
29.3405 	EXP 	demo_left_image: image = 'flower4.jpg'
29.3405 	EXP 	demo_target: autoDraw = True
29.4793 	EXP 	image: autoDraw = True
29.4828 	EXP 	demo_target: autoDraw = False
29.6213 	EXP 	image: autoDraw = False
29.6270 	EXP 	demo_right_image: autoDraw = True
29.6270 	EXP 	demo_left_image: autoDraw = True
29.6270 	EXP 	choose_the_image_you_saw: autoDraw = True
31.1404 	EXP 	New trial (rep=0, index=4): {'demo_target_image': 'flower5.jpg', 'demo_test_image_left': 'flower5_pair.jpg', 'demo_test_image_right': 'flower5.jpg', 'demo_test_correct': 'right', 'noise_pattern': 'noise_5.png'}
31.1675 	DATA 	Keypress: left
31.1699 	EXP 	demo_target: autoDraw = False
31.1699 	EXP 	image: autoDraw = False
31.1699 	EXP 	demo_right_image: autoDraw = False
31.1699 	EXP 	demo_left_image: autoDraw = False
31.1699 	EXP 	choose_the_image_you_saw: autoDraw = False
31.1699 	EXP 	demo_target: image = 'flower5.jpg'
31.1699 	EXP 	image: image = 'noise_5.png'
31.1699 	EXP 	demo_right_image: image = 'flower5.jpg'
31.1699 	EXP 	demo_left_image: image = 'flower5_pair.jpg'
31.1699 	EXP 	demo_target: autoDraw = True
31.2996 	EXP 	image: autoDraw = True
31.3208 	EXP 	demo_target: autoDraw = False
31.4409 	EXP 	image: autoDraw = False
31.4634 	EXP 	demo_right_image: autoDraw = True
31.4634 	EXP 	demo_left_image: autoDraw = True
31.4634 	EXP 	choose_the_image_you_saw: autoDraw = True
33.2145 	EXP 	New trial (rep=0, index=5): {'demo_target_image': 'flower6.jpg', 'demo_test_image_left': 'flower6.jpg', 'demo_test_image_right': 'flower6_pair.jpg', 'demo_test_correct': 'left', 'noise_pattern': 'noise_6.png'}
33.2470 	DATA 	Keypress: right
33.2499 	EXP 	demo_target: autoDraw = False
33.2499 	EXP 	image: autoDraw = False
33.2499 	EXP 	demo_right_image: autoDraw = False
33.2499 	EXP 	demo_left_image: autoDraw = False
33.2499 	EXP 	choose_the_image_you_saw: autoDraw = False
33.2499 	EXP 	demo_target: image = 'flower6.jpg'
33.2499 	EXP 	image: image = 'noise_6.png'
33.2499 	EXP 	demo_right_image: image = 'flower6_pair.jpg'
33.2499 	EXP 	demo_left_image: image = 'flower6.jpg'
33.2499 	EXP 	demo_target: autoDraw = True
33.3964 	EXP 	demo_target: autoDraw = False
33.3964 	EXP 	image: autoDraw = True
33.5362 	EXP 	image: autoDraw = False
33.5362 	EXP 	demo_right_image: autoDraw = True
33.5362 	EXP 	demo_left_image: autoDraw = True
33.5362 	EXP 	choose_the_image_you_saw: autoDraw = True
34.1817 	DATA 	Keypress: left
34.1876 	EXP 	demo_target: autoDraw = False
34.1876 	EXP 	image: autoDraw = False
34.1876 	EXP 	demo_right_image: autoDraw = False
34.1876 	EXP 	demo_left_image: autoDraw = False
34.1876 	EXP 	choose_the_image_you_saw: autoDraw = False
34.1876 	EXP 	text_after_demo_instr: autoDraw = True
36.6746 	EXP 	Imported experiment_csv.csv as conditions, 60 conditions, 7 params
36.6750 	EXP 	Created sequence: fullRandom, trialTypes=60, nReps=1, seed=None
36.6752 	EXP 	New trial (rep=0, index=0): OrderedDict([('target', 'highway_294.jpg'), ('image1', 'highway_368.jpg'), ('image2', 'highway_294.jpg'), ('layer', 1), ('category', 'highway'), ('correct', 'right'), ('noise_image', 'noise_59.png')])
36.7128 	DATA 	Keypress: space
36.7151 	EXP 	text_after_demo_instr: autoDraw = False
36.7151 	EXP 	exp_target_image: image = 'highway_294.jpg'
36.7151 	EXP 	exp_mask: image = 'noise_59.png'
36.7151 	EXP 	exp_right_image: image = 'highway_368.jpg'
36.7151 	EXP 	exp_left_image: image = 'highway_294.jpg'
36.7151 	EXP 	text: text = '+'
36.7151 	EXP 	text: autoDraw = True
37.1985 	EXP 	exp_target_image: autoDraw = True
37.2125 	EXP 	text: autoDraw = False
37.2462 	EXP 	exp_target_image: autoDraw = False
37.2525 	EXP 	exp_mask: autoDraw = True
38.2544 	EXP 	exp_mask: autoDraw = False
38.2544 	EXP 	exp_right_image: autoDraw = True
38.2544 	EXP 	exp_left_image: autoDraw = True
39.2077 	EXP 	New trial (rep=0, index=1): OrderedDict([('target', 'bridge_65.jpg'), ('image1', 'bridge_65.jpg'), ('image2', 'bridge_181.jpg'), ('layer', 0), ('category', 'bridge'), ('correct', 'left'), ('noise_image', 'noise_17.png')])
39.2386 	DATA 	Keypress: left
39.2408 	EXP 	exp_target_image: autoDraw = False
39.2408 	EXP 	exp_mask: autoDraw = False
39.2408 	EXP 	exp_right_image: autoDraw = False
39.2408 	EXP 	exp_left_image: autoDraw = False
39.2408 	EXP 	text: autoDraw = False
39.2408 	EXP 	exp_target_image: image = 'bridge_65.jpg'
39.2408 	EXP 	exp_mask: image = 'noise_17.png'
39.2408 	EXP 	exp_right_image: image = 'bridge_65.jpg'
39.2408 	EXP 	exp_left_image: image = 'bridge_181.jpg'
39.2408 	EXP 	text: text = '+'
39.2408 	EXP 	text: autoDraw = True
39.7376 	EXP 	exp_target_image: autoDraw = True
39.7376 	EXP 	text: autoDraw = False
39.7878 	EXP 	exp_target_image: autoDraw = False
39.7878 	EXP 	exp_mask: autoDraw = True
40.7796 	EXP 	exp_mask: autoDraw = False
40.7796 	EXP 	exp_right_image: autoDraw = True
40.7796 	EXP 	exp_left_image: autoDraw = True
42.8373 	EXP 	New trial (rep=0, index=2): OrderedDict([('target', 'badlands_184.jpg'), ('image1', 'badlands_184.jpg'), ('image2', 'badlands_103.jpg'), ('layer', 1), ('category', 'badlands'), ('correct', 'left'), ('noise_image', 'noise_41.png')])
42.8937 	DATA 	Keypress: right
42.8970 	EXP 	exp_target_image: autoDraw = False
42.8970 	EXP 	exp_mask: autoDraw = False
42.8970 	EXP 	exp_right_image: autoDraw = False
42.8970 	EXP 	exp_left_image: autoDraw = False
42.8970 	EXP 	text: autoDraw = False
42.8970 	EXP 	exp_target_image: image = 'badlands_184.jpg'
42.8970 	EXP 	exp_mask: image = 'noise_41.png'
42.8970 	EXP 	exp_right_image: image = 'badlands_184.jpg'
42.8970 	EXP 	exp_left_image: image = 'badlands_103.jpg'
42.8970 	EXP 	text: text = '+'
42.8970 	EXP 	text: autoDraw = True
43.3720 	EXP 	exp_target_image: autoDraw = True
43.3969 	EXP 	text: autoDraw = False
43.4220 	EXP 	exp_target_image: autoDraw = False
43.4220 	EXP 	exp_mask: autoDraw = True
44.4083 	EXP 	exp_mask: autoDraw = False
44.4303 	EXP 	exp_right_image: autoDraw = True
44.4303 	EXP 	exp_left_image: autoDraw = True
45.4156 	EXP 	New trial (rep=0, index=3): OrderedDict([('target', 'bridge_108.jpg'), ('image1', 'bridge_108.jpg'), ('image2', 'bridge_116.jpg'), ('layer', 0), ('category', 'bridge'), ('correct', 'left'), ('noise_image', 'noise_4.png')])
45.4698 	DATA 	Keypress: right
45.4731 	EXP 	exp_target_image: autoDraw = False
45.4731 	EXP 	exp_mask: autoDraw = False
45.4731 	EXP 	exp_right_image: autoDraw = False
45.4731 	EXP 	exp_left_image: autoDraw = False
45.4731 	EXP 	text: autoDraw = False
45.4731 	EXP 	exp_target_image: image = 'bridge_108.jpg'
45.4731 	EXP 	exp_mask: image = 'noise_4.png'
45.4731 	EXP 	exp_right_image: image = 'bridge_108.jpg'
45.4731 	EXP 	exp_left_image: image = 'bridge_116.jpg'
45.4731 	EXP 	text: text = '+'
45.4731 	EXP 	text: autoDraw = True
45.9417 	EXP 	exp_target_image: autoDraw = True
45.9809 	EXP 	text: autoDraw = False
45.9886 	EXP 	exp_target_image: autoDraw = False
45.9965 	EXP 	exp_mask: autoDraw = True
46.9970 	EXP 	exp_mask: autoDraw = False
47.0053 	EXP 	exp_right_image: autoDraw = True
47.0053 	EXP 	exp_left_image: autoDraw = True
47.7739 	EXP 	New trial (rep=0, index=4): OrderedDict([('target', 'badlands_52.jpg'), ('image1', 'badlands_94.jpg'), ('image2', 'badlands_52.jpg'), ('layer', 0), ('category', 'badlands'), ('correct', 'right'), ('noise_image', 'noise_27.png')])
47.8257 	DATA 	Keypress: right
47.8290 	EXP 	exp_target_image: autoDraw = False
47.8290 	EXP 	exp_mask: autoDraw = False
47.8290 	EXP 	exp_right_image: autoDraw = False
47.8290 	EXP 	exp_left_image: autoDraw = False
47.8290 	EXP 	text: autoDraw = False
47.8290 	EXP 	exp_target_image: image = 'badlands_52.jpg'
47.8290 	EXP 	exp_mask: image = 'noise_27.png'
47.8290 	EXP 	exp_right_image: image = 'badlands_94.jpg'
47.8290 	EXP 	exp_left_image: image = 'badlands_52.jpg'
47.8290 	EXP 	text: text = '+'
47.8290 	EXP 	text: autoDraw = True
48.3064 	EXP 	exp_target_image: autoDraw = True
48.3296 	EXP 	text: autoDraw = False
48.3492 	EXP 	exp_target_image: autoDraw = False
48.3492 	EXP 	exp_mask: autoDraw = True
49.3412 	EXP 	exp_mask: autoDraw = False
49.3566 	EXP 	exp_right_image: autoDraw = True
49.3566 	EXP 	exp_left_image: autoDraw = True
50.0250 	EXP 	New trial (rep=0, index=5): OrderedDict([('target', 'bridge_146.jpg'), ('image1', 'bridge_27.jpg'), ('image2', 'bridge_146.jpg'), ('layer', 0), ('category', 'bridge'), ('correct', 'right'), ('noise_image', 'noise_37.png')])
50.0738 	DATA 	Keypress: left
50.0770 	EXP 	exp_target_image: autoDraw = False
50.0770 	EXP 	exp_mask: autoDraw = False
50.0770 	EXP 	exp_right_image: autoDraw = False
50.0770 	EXP 	exp_left_image: autoDraw = False
50.0770 	EXP 	text: autoDraw = False
50.0770 	EXP 	exp_target_image: image = 'bridge_146.jpg'
50.0770 	EXP 	exp_mask: image = 'noise_37.png'
50.0770 	EXP 	exp_right_image: image = 'bridge_27.jpg'
50.0770 	EXP 	exp_left_image: image = 'bridge_146.jpg'
50.0770 	EXP 	text: text = '+'
50.0770 	EXP 	text: autoDraw = True
50.5622 	EXP 	exp_target_image: autoDraw = True
50.5665 	EXP 	text: autoDraw = False
50.6130 	EXP 	exp_target_image: autoDraw = False
50.6130 	EXP 	exp_mask: autoDraw = True
51.6135 	EXP 	exp_mask: autoDraw = False
51.6135 	EXP 	exp_right_image: autoDraw = True
51.6135 	EXP 	exp_left_image: autoDraw = True
52.3655 	EXP 	New trial (rep=0, index=6): OrderedDict([('target', 'playground_131.jpg'), ('image1', 'playground_131.jpg'), ('image2', 'playground_43.jpg'), ('layer', 0), ('category', 'playground'), ('correct', 'left'), ('noise_image', 'noise_46.png')])
52.4205 	DATA 	Keypress: left
52.4234 	EXP 	exp_target_image: autoDraw = False
52.4234 	EXP 	exp_mask: autoDraw = False
52.4234 	EXP 	exp_right_image: autoDraw = False
52.4234 	EXP 	exp_left_image: autoDraw = False
52.4234 	EXP 	text: autoDraw = False
52.4234 	EXP 	exp_target_image: image = 'playground_131.jpg'
52.4234 	EXP 	exp_mask: image = 'noise_46.png'
52.4234 	EXP 	exp_right_image: image = 'playground_131.jpg'
52.4234 	EXP 	exp_left_image: image = 'playground_43.jpg'
52.4234 	EXP 	text: text = '+'
52.4234 	EXP 	text: autoDraw = True
52.9065 	EXP 	exp_target_image: autoDraw = True
52.9147 	EXP 	text: autoDraw = False
52.9493 	EXP 	exp_target_image: autoDraw = False
52.9493 	EXP 	exp_mask: autoDraw = True
53.9409 	EXP 	exp_mask: autoDraw = False
53.9553 	EXP 	exp_right_image: autoDraw = True
53.9553 	EXP 	exp_left_image: autoDraw = True
54.6006 	EXP 	New trial (rep=0, index=7): OrderedDict([('target', 'badlands_24.jpg'), ('image1', 'badlands_24.jpg'), ('image2', 'badlands_3.jpg'), ('layer', 0), ('category', 'badlands'), ('correct', 'left'), ('noise_image', 'noise_19.png')])
54.6488 	DATA 	Keypress: right
54.6520 	EXP 	exp_target_image: autoDraw = False
54.6520 	EXP 	exp_mask: autoDraw = False
54.6520 	EXP 	exp_right_image: autoDraw = False
54.6520 	EXP 	exp_left_image: autoDraw = False
54.6520 	EXP 	text: autoDraw = False
54.6520 	EXP 	exp_target_image: image = 'badlands_24.jpg'
54.6520 	EXP 	exp_mask: image = 'noise_19.png'
54.6520 	EXP 	exp_right_image: image = 'badlands_24.jpg'
54.6520 	EXP 	exp_left_image: image = 'badlands_3.jpg'
54.6520 	EXP 	text: text = '+'
54.6520 	EXP 	text: autoDraw = True
55.1386 	EXP 	exp_target_image: autoDraw = True
55.1422 	EXP 	text: autoDraw = False
55.2066 	EXP 	exp_target_image: autoDraw = False
55.2066 	EXP 	exp_mask: autoDraw = True
56.1969 	EXP 	exp_right_image: autoDraw = True
56.1969 	EXP 	exp_left_image: autoDraw = True
56.2002 	EXP 	exp_mask: autoDraw = False
57.1355 	EXP 	New trial (rep=0, index=8): OrderedDict([('target', 'golf_course_195.jpg'), ('image1', 'golf_course_195.jpg'), ('image2', 'golf_course_2.jpg'), ('layer', 1), ('category', 'golf'), ('correct', 'left'), ('noise_image', 'noise_23.png')])
57.1827 	DATA 	Keypress: right
57.1859 	EXP 	exp_target_image: autoDraw = False
57.1859 	EXP 	exp_mask: autoDraw = False
57.1859 	EXP 	exp_right_image: autoDraw = False
57.1859 	EXP 	exp_left_image: autoDraw = False
57.1859 	EXP 	text: autoDraw = False
57.1859 	EXP 	exp_target_image: image = 'golf_course_195.jpg'
57.1859 	EXP 	exp_mask: image = 'noise_23.png'
57.1859 	EXP 	exp_right_image: image = 'golf_course_195.jpg'
57.1859 	EXP 	exp_left_image: image = 'golf_course_2.jpg'
57.1859 	EXP 	text: text = '+'
57.1859 	EXP 	text: autoDraw = True
57.6729 	EXP 	exp_target_image: autoDraw = True
57.6897 	EXP 	text: autoDraw = False
57.7206 	EXP 	exp_target_image: autoDraw = False
57.7206 	EXP 	exp_mask: autoDraw = True
58.7220 	EXP 	exp_mask: autoDraw = False
58.7220 	EXP 	exp_right_image: autoDraw = True
58.7220 	EXP 	exp_left_image: autoDraw = True
63.9659 	EXP 	New trial (rep=0, index=9): OrderedDict([('target', 'mountain_293.jpg'), ('image1', 'mountain_47.jpg'), ('image2', 'mountain_293.jpg'), ('layer', 1), ('category', 'mountain'), ('correct', 'right'), ('noise_image', 'noise_5.png')])
64.0074 	DATA 	Keypress: left
64.0105 	EXP 	exp_target_image: autoDraw = False
64.0105 	EXP 	exp_mask: autoDraw = False
64.0105 	EXP 	exp_right_image: autoDraw = False
64.0105 	EXP 	exp_left_image: autoDraw = False
64.0105 	EXP 	text: autoDraw = False
64.0105 	EXP 	exp_target_image: image = 'mountain_293.jpg'
64.0105 	EXP 	exp_mask: image = 'noise_5.png'
64.0105 	EXP 	exp_right_image: image = 'mountain_47.jpg'
64.0105 	EXP 	exp_left_image: image = 'mountain_293.jpg'
64.0105 	EXP 	text: text = '+'
64.0105 	EXP 	text: autoDraw = True
64.4886 	EXP 	exp_target_image: autoDraw = True
64.5055 	EXP 	text: autoDraw = False
64.5375 	EXP 	exp_target_image: autoDraw = False
64.5375 	EXP 	exp_mask: autoDraw = True
65.5377 	EXP 	exp_mask: autoDraw = False
65.5377 	EXP 	exp_right_image: autoDraw = True
65.5377 	EXP 	exp_left_image: autoDraw = True
66.3675 	EXP 	New trial (rep=0, index=10): OrderedDict([('target', 'bridge_202.jpg'), ('image1', 'bridge_38.jpg'), ('image2', 'bridge_202.jpg'), ('layer', 1), ('category', 'bridge'), ('correct', 'right'), ('noise_image', 'noise_58.png')])
66.4168 	DATA 	Keypress: left
66.4201 	EXP 	exp_target_image: autoDraw = False
66.4201 	EXP 	exp_mask: autoDraw = False
66.4201 	EXP 	exp_right_image: autoDraw = False
66.4201 	EXP 	exp_left_image: autoDraw = False
66.4201 	EXP 	text: autoDraw = False
66.4201 	EXP 	exp_target_image: image = 'bridge_202.jpg'
66.4201 	EXP 	exp_mask: image = 'noise_58.png'
66.4201 	EXP 	exp_right_image: image = 'bridge_38.jpg'
66.4201 	EXP 	exp_left_image: image = 'bridge_202.jpg'
66.4201 	EXP 	text: text = '+'
66.4201 	EXP 	text: autoDraw = True
66.9029 	EXP 	exp_target_image: autoDraw = True
66.9076 	EXP 	text: autoDraw = False
66.9540 	EXP 	exp_target_image: autoDraw = False
66.9540 	EXP 	exp_mask: autoDraw = True
67.9471 	EXP 	exp_mask: autoDraw = False
67.9526 	EXP 	exp_right_image: autoDraw = True
67.9526 	EXP 	exp_left_image: autoDraw = True
68.6673 	EXP 	New trial (rep=0, index=11): OrderedDict([('target', 'badlands_221.jpg'), ('image1', 'badlands_115.jpg'), ('image2', 'badlands_221.jpg'), ('layer', 0), ('category', 'badlands'), ('correct', 'right'), ('noise_image', 'noise_7.png')])
68.7162 	DATA 	Keypress: left
68.7194 	EXP 	exp_target_image: autoDraw = False
68.7194 	EXP 	exp_mask: autoDraw = False
68.7194 	EXP 	exp_right_image: autoDraw = False
68.7194 	EXP 	exp_left_image: autoDraw = False
68.7194 	EXP 	text: autoDraw = False
68.7194 	EXP 	exp_target_image: image = 'badlands_221.jpg'
68.7194 	EXP 	exp_mask: image = 'noise_7.png'
68.7194 	EXP 	exp_right_image: image = 'badlands_115.jpg'
68.7194 	EXP 	exp_left_image: image = 'badlands_221.jpg'
68.7194 	EXP 	text: text = '+'
68.7194 	EXP 	text: autoDraw = True
69.2095 	EXP 	exp_target_image: autoDraw = True
69.2221 	EXP 	text: autoDraw = False
69.2522 	EXP 	exp_target_image: autoDraw = False
69.2522 	EXP 	exp_mask: autoDraw = True
70.2420 	EXP 	exp_mask: autoDraw = False
70.2626 	EXP 	exp_right_image: autoDraw = True
70.2626 	EXP 	exp_left_image: autoDraw = True
70.8095 	EXP 	New trial (rep=0, index=12): OrderedDict([('target', 'mountain_230.jpg'), ('image1', 'mountain_97.jpg'), ('image2', 'mountain_230.jpg'), ('layer', 1), ('category', 'mountain'), ('correct', 'right'), ('noise_image', 'noise_42.png')])
70.8567 	DATA 	Keypress: left
70.8599 	EXP 	exp_target_image: autoDraw = False
70.8599 	EXP 	exp_mask: autoDraw = False
70.8599 	EXP 	exp_right_image: autoDraw = False
70.8599 	EXP 	exp_left_image: autoDraw = False
70.8599 	EXP 	text: autoDraw = False
70.8599 	EXP 	exp_target_image: image = 'mountain_230.jpg'
70.8599 	EXP 	exp_mask: image = 'noise_42.png'
70.8599 	EXP 	exp_right_image: image = 'mountain_97.jpg'
70.8599 	EXP 	exp_left_image: image = 'mountain_230.jpg'
70.8599 	EXP 	text: text = '+'
70.8599 	EXP 	text: autoDraw = True
71.3478 	EXP 	exp_target_image: autoDraw = True
71.3543 	EXP 	text: autoDraw = False
71.3843 	EXP 	exp_target_image: autoDraw = False
71.3926 	EXP 	exp_mask: autoDraw = True
72.3828 	EXP 	exp_mask: autoDraw = False
72.4041 	EXP 	exp_right_image: autoDraw = True
72.4041 	EXP 	exp_left_image: autoDraw = True
73.1761 	EXP 	New trial (rep=0, index=13): OrderedDict([('target', 'golf_course_15.jpg'), ('image1', 'golf_course_113.jpg'), ('image2', 'golf_course_15.jpg'), ('layer', 0), ('category', 'golf'), ('correct', 'right'), ('noise_image', 'noise_52.png')])
73.2285 	DATA 	Keypress: left
73.2317 	EXP 	exp_target_image: autoDraw = False
73.2317 	EXP 	exp_mask: autoDraw = False
73.2317 	EXP 	exp_right_image: autoDraw = False
73.2317 	EXP 	exp_left_image: autoDraw = False
73.2317 	EXP 	text: autoDraw = False
73.2317 	EXP 	exp_target_image: image = 'golf_course_15.jpg'
73.2317 	EXP 	exp_mask: image = 'noise_52.png'
73.2317 	EXP 	exp_right_image: image = 'golf_course_113.jpg'
73.2317 	EXP 	exp_left_image: image = 'golf_course_15.jpg'
73.2317 	EXP 	text: text = '+'
73.2317 	EXP 	text: autoDraw = True
73.7054 	EXP 	exp_target_image: autoDraw = True
73.7303 	EXP 	text: autoDraw = False
73.7409 	EXP 	exp_target_image: autoDraw = False
73.7633 	EXP 	exp_mask: autoDraw = True
74.7531 	EXP 	exp_mask: autoDraw = False
74.7531 	EXP 	exp_right_image: autoDraw = True
74.7531 	EXP 	exp_left_image: autoDraw = True
76.1592 	EXP 	New trial (rep=0, index=14): OrderedDict([('target', 'highway_415.jpg'), ('image1', 'highway_60.jpg'), ('image2', 'highway_415.jpg'), ('layer', 0), ('category', 'highway'), ('correct', 'right'), ('noise_image', 'noise_16.png')])
76.2112 	DATA 	Keypress: left
76.2145 	EXP 	exp_target_image: autoDraw = False
76.2145 	EXP 	exp_mask: autoDraw = False
76.2145 	EXP 	exp_right_image: autoDraw = False
76.2145 	EXP 	exp_left_image: autoDraw = False
76.2145 	EXP 	text: autoDraw = False
76.2145 	EXP 	exp_target_image: image = 'highway_415.jpg'
76.2145 	EXP 	exp_mask: image = 'noise_16.png'
76.2145 	EXP 	exp_right_image: image = 'highway_60.jpg'
76.2145 	EXP 	exp_left_image: image = 'highway_415.jpg'
76.2145 	EXP 	text: text = '+'
76.2145 	EXP 	text: autoDraw = True
76.6859 	EXP 	exp_target_image: autoDraw = True
76.7138 	EXP 	text: autoDraw = False
76.7308 	EXP 	exp_target_image: autoDraw = False
76.7561 	EXP 	exp_mask: autoDraw = True
77.7462 	EXP 	exp_mask: autoDraw = False
77.7462 	EXP 	exp_right_image: autoDraw = True
77.7462 	EXP 	exp_left_image: autoDraw = True
78.3258 	EXP 	New trial (rep=0, index=15): OrderedDict([('target', 'mountain_123.jpg'), ('image1', 'mountain_189.jpg'), ('image2', 'mountain_123.jpg'), ('layer', 1), ('category', 'mountain'), ('correct', 'right'), ('noise_image', 'noise_47.png')])
78.3797 	DATA 	Keypress: left
78.3829 	EXP 	exp_target_image: autoDraw = False
78.3829 	EXP 	exp_mask: autoDraw = False
78.3829 	EXP 	exp_right_image: autoDraw = False
78.3829 	EXP 	exp_left_image: autoDraw = False
78.3829 	EXP 	text: autoDraw = False
78.3829 	EXP 	exp_target_image: image = 'mountain_123.jpg'
78.3829 	EXP 	exp_mask: image = 'noise_47.png'
78.3829 	EXP 	exp_right_image: image = 'mountain_189.jpg'
78.3829 	EXP 	exp_left_image: image = 'mountain_123.jpg'
78.3829 	EXP 	text: text = '+'
78.3829 	EXP 	text: autoDraw = True
78.8637 	EXP 	exp_target_image: autoDraw = True
78.8803 	EXP 	text: autoDraw = False
78.9124 	EXP 	exp_target_image: autoDraw = False
78.9124 	EXP 	exp_mask: autoDraw = True
79.9129 	EXP 	exp_mask: autoDraw = False
79.9129 	EXP 	exp_right_image: autoDraw = True
79.9129 	EXP 	exp_left_image: autoDraw = True
80.9842 	EXP 	New trial (rep=0, index=16): OrderedDict([('target', 'highway_156.jpg'), ('image1', 'highway_156.jpg'), ('image2', 'highway_160.jpg'), ('layer', 0), ('category', 'highway'), ('correct', 'left'), ('noise_image', 'noise_15.png')])
81.0327 	DATA 	Keypress: right
81.0360 	EXP 	exp_target_image: autoDraw = False
81.0360 	EXP 	exp_mask: autoDraw = False
81.0360 	EXP 	exp_right_image: autoDraw = False
81.0360 	EXP 	exp_left_image: autoDraw = False
81.0360 	EXP 	text: autoDraw = False
81.0360 	EXP 	exp_target_image: image = 'highway_156.jpg'
81.0360 	EXP 	exp_mask: image = 'noise_15.png'
81.0360 	EXP 	exp_right_image: image = 'highway_156.jpg'
81.0360 	EXP 	exp_left_image: image = 'highway_160.jpg'
81.0360 	EXP 	text: text = '+'
81.0360 	EXP 	text: autoDraw = True
81.5192 	EXP 	exp_target_image: autoDraw = True
81.5248 	EXP 	text: autoDraw = False
81.5645 	EXP 	exp_target_image: autoDraw = False
81.5894 	EXP 	exp_mask: autoDraw = True
82.5702 	EXP 	exp_right_image: autoDraw = True
82.5702 	EXP 	exp_left_image: autoDraw = True
82.5890 	EXP 	exp_mask: autoDraw = False
83.3174 	EXP 	New trial (rep=0, index=17): OrderedDict([('target', 'golf_course_78.jpg'), ('image1', 'golf_course_78.jpg'), ('image2', 'golf_course_101.jpg'), ('layer', 1), ('category', 'golf'), ('correct', 'left'), ('noise_image', 'noise_25.png')])
83.3697 	DATA 	Keypress: right
83.3730 	EXP 	exp_target_image: autoDraw = False
83.3730 	EXP 	exp_mask: autoDraw = False
83.3730 	EXP 	exp_right_image: autoDraw = False
83.3730 	EXP 	exp_left_image: autoDraw = False
83.3730 	EXP 	text: autoDraw = False
83.3730 	EXP 	exp_target_image: image = 'golf_course_78.jpg'
83.3730 	EXP 	exp_mask: image = 'noise_25.png'
83.3730 	EXP 	exp_right_image: image = 'golf_course_78.jpg'
83.3730 	EXP 	exp_left_image: image = 'golf_course_101.jpg'
83.3730 	EXP 	text: text = '+'
83.3730 	EXP 	text: autoDraw = True
83.8462 	EXP 	exp_target_image: autoDraw = True
83.8706 	EXP 	text: autoDraw = False
83.8959 	EXP 	exp_target_image: autoDraw = False
83.8959 	EXP 	exp_mask: autoDraw = True
84.8837 	EXP 	exp_mask: autoDraw = False
84.9047 	EXP 	exp_right_image: autoDraw = True
84.9047 	EXP 	exp_left_image: autoDraw = True
85.0991 	EXP 	New trial (rep=0, index=18): OrderedDict([('target', 'playground_144.jpg'), ('image1', 'playground_144.jpg'), ('image2', 'playground_65.jpg'), ('layer', 1), ('category', 'playground'), ('correct', 'left'), ('noise_image', 'noise_6.png')])
85.1509 	DATA 	Keypress: left
85.1541 	EXP 	exp_target_image: autoDraw = False
85.1541 	EXP 	exp_mask: autoDraw = False
85.1541 	EXP 	exp_right_image: autoDraw = False
85.1541 	EXP 	exp_left_image: autoDraw = False
85.1541 	EXP 	text: autoDraw = False
85.1541 	EXP 	exp_target_image: image = 'playground_144.jpg'
85.1541 	EXP 	exp_mask: image = 'noise_6.png'
85.1541 	EXP 	exp_right_image: image = 'playground_144.jpg'
85.1541 	EXP 	exp_left_image: image = 'playground_65.jpg'
85.1541 	EXP 	text: text = '+'
85.1541 	EXP 	text: autoDraw = True
85.6241 	EXP 	exp_target_image: autoDraw = True
85.6469 	EXP 	text: autoDraw = False
85.6730 	EXP 	exp_target_image: autoDraw = False
85.6897 	EXP 	exp_mask: autoDraw = True
86.6812 	EXP 	exp_mask: autoDraw = False
86.6812 	EXP 	exp_right_image: autoDraw = True
86.6812 	EXP 	exp_left_image: autoDraw = True
87.5924 	EXP 	New trial (rep=0, index=19): OrderedDict([('target', 'playground_257.jpg'), ('image1', 'playground_257.jpg'), ('image2', 'playground_214.jpg'), ('layer', 0), ('category', 'playground'), ('correct', 'left'), ('noise_image', 'noise_33.png')])
87.6447 	DATA 	Keypress: right
87.6481 	EXP 	exp_target_image: autoDraw = False
87.6481 	EXP 	exp_mask: autoDraw = False
87.6481 	EXP 	exp_right_image: autoDraw = False
87.6481 	EXP 	exp_left_image: autoDraw = False
87.6481 	EXP 	text: autoDraw = False
87.6481 	EXP 	exp_target_image: image = 'playground_257.jpg'
87.6481 	EXP 	exp_mask: image = 'noise_33.png'
87.6481 	EXP 	exp_right_image: image = 'playground_257.jpg'
87.6481 	EXP 	exp_left_image: image = 'playground_214.jpg'
87.6481 	EXP 	text: text = '+'
87.6481 	EXP 	text: autoDraw = True
88.1219 	EXP 	exp_target_image: autoDraw = True
88.1471 	EXP 	text: autoDraw = False
88.1577 	EXP 	exp_target_image: autoDraw = False
88.1978 	EXP 	exp_mask: autoDraw = True
89.1669 	EXP 	exp_right_image: autoDraw = True
89.1669 	EXP 	exp_left_image: autoDraw = True
89.1894 	EXP 	exp_mask: autoDraw = False
93.6737 	EXP 	New trial (rep=0, index=20): OrderedDict([('target', 'badlands_113.jpg'), ('image1', 'badlands_113.jpg'), ('image2', 'badlands_203.jpg'), ('layer', 1), ('category', 'badlands'), ('correct', 'left'), ('noise_image', 'noise_9.png')])
93.7258 	DATA 	Keypress: left
93.7290 	EXP 	exp_target_image: autoDraw = False
93.7290 	EXP 	exp_mask: autoDraw = False
93.7290 	EXP 	exp_right_image: autoDraw = False
93.7290 	EXP 	exp_left_image: autoDraw = False
93.7290 	EXP 	text: autoDraw = False
93.7290 	EXP 	exp_target_image: image = 'badlands_113.jpg'
93.7290 	EXP 	exp_mask: image = 'noise_9.png'
93.7290 	EXP 	exp_right_image: image = 'badlands_113.jpg'
93.7290 	EXP 	exp_left_image: image = 'badlands_203.jpg'
93.7290 	EXP 	text: text = '+'
93.7290 	EXP 	text: autoDraw = True
94.2053 	EXP 	exp_target_image: autoDraw = True
94.2163 	EXP 	text: autoDraw = False
94.2410 	EXP 	exp_target_image: autoDraw = False
94.2484 	EXP 	exp_mask: autoDraw = True
95.2386 	EXP 	exp_mask: autoDraw = False
95.2490 	EXP 	exp_right_image: autoDraw = True
95.2490 	EXP 	exp_left_image: autoDraw = True
100.2490 	EXP 	New trial (rep=0, index=21): OrderedDict([('target', 'golf_course_188.jpg'), ('image1', 'golf_course_157.jpg'), ('image2', 'golf_course_188.jpg'), ('layer', 0), ('category', 'golf'), ('correct', 'right'), ('noise_image', 'noise_44.png')])
100.3008 	DATA 	Keypress: left
100.3040 	EXP 	exp_target_image: autoDraw = False
100.3040 	EXP 	exp_mask: autoDraw = False
100.3040 	EXP 	exp_right_image: autoDraw = False
100.3040 	EXP 	exp_left_image: autoDraw = False
100.3040 	EXP 	text: autoDraw = False
100.3040 	EXP 	exp_target_image: image = 'golf_course_188.jpg'
100.3040 	EXP 	exp_mask: image = 'noise_44.png'
100.3040 	EXP 	exp_right_image: image = 'golf_course_157.jpg'
100.3040 	EXP 	exp_left_image: image = 'golf_course_188.jpg'
100.3040 	EXP 	text: text = '+'
100.3040 	EXP 	text: autoDraw = True
100.7796 	EXP 	exp_target_image: autoDraw = True
100.8053 	EXP 	text: autoDraw = False
100.8158 	EXP 	exp_target_image: autoDraw = False
100.8419 	EXP 	exp_mask: autoDraw = True
101.8245 	EXP 	exp_right_image: autoDraw = True
101.8245 	EXP 	exp_left_image: autoDraw = True
101.8386 	EXP 	exp_mask: autoDraw = False
102.5538 	EXP 	New trial (rep=0, index=22): OrderedDict([('target', 'highway_177.jpg'), ('image1', 'highway_177.jpg'), ('image2', 'highway_278.jpg'), ('layer', 1), ('category', 'highway'), ('correct', 'left'), ('noise_image', 'noise_24.png')])
102.6036 	DATA 	Keypress: left
102.6065 	EXP 	exp_target_image: autoDraw = False
102.6065 	EXP 	exp_mask: autoDraw = False
102.6065 	EXP 	exp_right_image: autoDraw = False
102.6065 	EXP 	exp_left_image: autoDraw = False
102.6065 	EXP 	text: autoDraw = False
102.6065 	EXP 	exp_target_image: image = 'highway_177.jpg'
102.6065 	EXP 	exp_mask: image = 'noise_24.png'
102.6065 	EXP 	exp_right_image: image = 'highway_177.jpg'
102.6065 	EXP 	exp_left_image: image = 'highway_278.jpg'
102.6065 	EXP 	text: text = '+'
102.6065 	EXP 	text: autoDraw = True
103.0957 	EXP 	exp_target_image: autoDraw = True
103.0993 	EXP 	text: autoDraw = False
103.1464 	EXP 	exp_target_image: autoDraw = False
103.1464 	EXP 	exp_mask: autoDraw = True
104.1456 	EXP 	exp_mask: autoDraw = False
104.1456 	EXP 	exp_right_image: autoDraw = True
104.1456 	EXP 	exp_left_image: autoDraw = True
106.7087 	EXP 	New trial (rep=0, index=23): OrderedDict([('target', 'bridge_250.jpg'), ('image1', 'bridge_205.jpg'), ('image2', 'bridge_250.jpg'), ('layer', 1), ('category', 'bridge'), ('correct', 'right'), ('noise_image', 'noise_45.png')])
106.7602 	DATA 	Keypress: right
106.7634 	EXP 	exp_target_image: autoDraw = False
106.7634 	EXP 	exp_mask: autoDraw = False
106.7634 	EXP 	exp_right_image: autoDraw = False
106.7634 	EXP 	exp_left_image: autoDraw = False
106.7634 	EXP 	text: autoDraw = False
106.7634 	EXP 	exp_target_image: image = 'bridge_250.jpg'
106.7634 	EXP 	exp_mask: image = 'noise_45.png'
106.7634 	EXP 	exp_right_image: image = 'bridge_205.jpg'
106.7634 	EXP 	exp_left_image: image = 'bridge_250.jpg'
106.7634 	EXP 	text: text = '+'
106.7634 	EXP 	text: autoDraw = True
107.2387 	EXP 	exp_target_image: autoDraw = True
107.2520 	EXP 	text: autoDraw = False
107.2747 	EXP 	exp_target_image: autoDraw = False
107.3148 	EXP 	exp_mask: autoDraw = True
108.2876 	EXP 	exp_right_image: autoDraw = True
108.2876 	EXP 	exp_left_image: autoDraw = True
108.3137 	EXP 	exp_mask: autoDraw = False
109.0921 	EXP 	New trial (rep=0, index=24): OrderedDict([('target', 'bridge_256.jpg'), ('image1', 'bridge_211.jpg'), ('image2', 'bridge_256.jpg'), ('layer', 1), ('category', 'bridge'), ('correct', 'right'), ('noise_image', 'noise_57.png')])
109.1421 	DATA 	Keypress: left
109.1453 	EXP 	exp_target_image: autoDraw = False
109.1453 	EXP 	exp_mask: autoDraw = False
109.1453 	EXP 	exp_right_image: autoDraw = False
109.1453 	EXP 	exp_left_image: autoDraw = False
109.1453 	EXP 	text: autoDraw = False
109.1453 	EXP 	exp_target_image: image = 'bridge_256.jpg'
109.1453 	EXP 	exp_mask: image = 'noise_57.png'
109.1453 	EXP 	exp_right_image: image = 'bridge_211.jpg'
109.1453 	EXP 	exp_left_image: image = 'bridge_256.jpg'
109.1453 	EXP 	text: text = '+'
109.1453 	EXP 	text: autoDraw = True
109.6229 	EXP 	exp_target_image: autoDraw = True
109.6351 	EXP 	text: autoDraw = False
109.6622 	EXP 	exp_mask: autoDraw = True
109.6661 	EXP 	exp_target_image: autoDraw = False
110.6553 	EXP 	exp_mask: autoDraw = False
110.6614 	EXP 	exp_right_image: autoDraw = True
110.6614 	EXP 	exp_left_image: autoDraw = True
112.1837 	EXP 	New trial (rep=0, index=25): OrderedDict([('target', 'highway_359.jpg'), ('image1', 'highway_359.jpg'), ('image2', 'highway_379.jpg'), ('layer', 1), ('category', 'highway'), ('correct', 'left'), ('noise_image', 'noise_35.png')])
112.2360 	DATA 	Keypress: right
112.2393 	EXP 	exp_target_image: autoDraw = False
112.2393 	EXP 	exp_mask: autoDraw = False
112.2393 	EXP 	exp_right_image: autoDraw = False
112.2393 	EXP 	exp_left_image: autoDraw = False
112.2393 	EXP 	text: autoDraw = False
112.2393 	EXP 	exp_target_image: image = 'highway_359.jpg'
112.2393 	EXP 	exp_mask: image = 'noise_35.png'
112.2393 	EXP 	exp_right_image: image = 'highway_359.jpg'
112.2393 	EXP 	exp_left_image: image = 'highway_379.jpg'
112.2393 	EXP 	text: text = '+'
112.2393 	EXP 	text: autoDraw = True
112.7071 	EXP 	exp_target_image: autoDraw = True
112.7303 	EXP 	text: autoDraw = False
112.7554 	EXP 	exp_target_image: autoDraw = False
112.7631 	EXP 	exp_mask: autoDraw = True
113.7622 	EXP 	exp_mask: autoDraw = False
113.7622 	EXP 	exp_right_image: autoDraw = True
113.7622 	EXP 	exp_left_image: autoDraw = True
114.4670 	EXP 	New trial (rep=0, index=26): OrderedDict([('target', 'mountain_57.jpg'), ('image1', 'mountain_193.jpg'), ('image2', 'mountain_57.jpg'), ('layer', 0), ('category', 'mountain'), ('correct', 'right'), ('noise_image', 'noise_29.png')])
114.5194 	DATA 	Keypress: right
114.5226 	EXP 	exp_target_image: autoDraw = False
114.5226 	EXP 	exp_mask: autoDraw = False
114.5226 	EXP 	exp_right_image: autoDraw = False
114.5226 	EXP 	exp_left_image: autoDraw = False
114.5226 	EXP 	text: autoDraw = False
114.5226 	EXP 	exp_target_image: image = 'mountain_57.jpg'
114.5226 	EXP 	exp_mask: image = 'noise_29.png'
114.5226 	EXP 	exp_right_image: image = 'mountain_193.jpg'
114.5226 	EXP 	exp_left_image: image = 'mountain_57.jpg'
114.5226 	EXP 	text: text = '+'
114.5226 	EXP 	text: autoDraw = True
115.0050 	EXP 	exp_target_image: autoDraw = True
115.0097 	EXP 	text: autoDraw = False
115.0726 	EXP 	exp_target_image: autoDraw = False
115.0726 	EXP 	exp_mask: autoDraw = True
116.0419 	EXP 	exp_right_image: autoDraw = True
116.0419 	EXP 	exp_left_image: autoDraw = True
116.0623 	EXP 	exp_mask: autoDraw = False
116.6837 	EXP 	New trial (rep=0, index=27): OrderedDict([('target', 'highway_93.jpg'), ('image1', 'highway_85.jpg'), ('image2', 'highway_93.jpg'), ('layer', 0), ('category', 'highway'), ('correct', 'right'), ('noise_image', 'noise_43.png')])
116.7319 	DATA 	Keypress: left
116.7351 	EXP 	exp_target_image: autoDraw = False
116.7351 	EXP 	exp_mask: autoDraw = False
116.7351 	EXP 	exp_right_image: autoDraw = False
116.7351 	EXP 	exp_left_image: autoDraw = False
116.7351 	EXP 	text: autoDraw = False
116.7351 	EXP 	exp_target_image: image = 'highway_93.jpg'
116.7351 	EXP 	exp_mask: image = 'noise_43.png'
116.7351 	EXP 	exp_right_image: image = 'highway_85.jpg'
116.7351 	EXP 	exp_left_image: image = 'highway_93.jpg'
116.7351 	EXP 	text: text = '+'
116.7351 	EXP 	text: autoDraw = True
117.2186 	EXP 	exp_target_image: autoDraw = True
117.2303 	EXP 	text: autoDraw = False
117.2637 	EXP 	exp_target_image: autoDraw = False
117.2699 	EXP 	exp_mask: autoDraw = True
118.2636 	EXP 	exp_mask: autoDraw = False
118.2706 	EXP 	exp_right_image: autoDraw = True
118.2706 	EXP 	exp_left_image: autoDraw = True
120.5590 	EXP 	New trial (rep=0, index=28): OrderedDict([('target', 'golf_course_217.jpg'), ('image1', 'golf_course_35.jpg'), ('image2', 'golf_course_217.jpg'), ('layer', 0), ('category', 'golf'), ('correct', 'right'), ('noise_image', 'noise_20.png')])
120.6130 	DATA 	Keypress: right
120.6161 	EXP 	exp_target_image: autoDraw = False
120.6161 	EXP 	exp_mask: autoDraw = False
120.6161 	EXP 	exp_right_image: autoDraw = False
120.6161 	EXP 	exp_left_image: autoDraw = False
120.6161 	EXP 	text: autoDraw = False
120.6161 	EXP 	exp_target_image: image = 'golf_course_217.jpg'
120.6161 	EXP 	exp_mask: image = 'noise_20.png'
120.6161 	EXP 	exp_right_image: image = 'golf_course_35.jpg'
120.6161 	EXP 	exp_left_image: image = 'golf_course_217.jpg'
120.6161 	EXP 	text: text = '+'
120.6161 	EXP 	text: autoDraw = True
121.0978 	EXP 	exp_target_image: autoDraw = True
121.1081 	EXP 	text: autoDraw = False
121.1412 	EXP 	exp_target_image: autoDraw = False
121.1412 	EXP 	exp_mask: autoDraw = True
122.1387 	EXP 	exp_mask: autoDraw = False
122.1454 	EXP 	exp_right_image: autoDraw = True
122.1454 	EXP 	exp_left_image: autoDraw = True
128.0702 	EXP 	New trial (rep=0, index=29): OrderedDict([('target', 'badlands_21.jpg'), ('image1', 'badlands_21.jpg'), ('image2', 'badlands_98.jpg'), ('layer', 1), ('category', 'badlands'), ('correct', 'left'), ('noise_image', 'noise_36.png')])
128.1281 	DATA 	Keypress: left
128.1311 	EXP 	exp_target_image: autoDraw = False
128.1311 	EXP 	exp_mask: autoDraw = False
128.1311 	EXP 	exp_right_image: autoDraw = False
128.1311 	EXP 	exp_left_image: autoDraw = False
128.1311 	EXP 	text: autoDraw = False
128.1311 	EXP 	exp_target_image: image = 'badlands_21.jpg'
128.1311 	EXP 	exp_mask: image = 'noise_36.png'
128.1311 	EXP 	exp_right_image: image = 'badlands_21.jpg'
128.1311 	EXP 	exp_left_image: image = 'badlands_98.jpg'
128.1311 	EXP 	text: text = '+'
128.1311 	EXP 	text: autoDraw = True
128.6083 	EXP 	exp_target_image: autoDraw = True
128.6301 	EXP 	text: autoDraw = False
128.6552 	EXP 	exp_target_image: autoDraw = False
128.6621 	EXP 	exp_mask: autoDraw = True
129.6498 	EXP 	exp_mask: autoDraw = False
129.6639 	EXP 	exp_right_image: autoDraw = True
129.6639 	EXP 	exp_left_image: autoDraw = True
130.2310 	EXP 	New trial (rep=0, index=30): OrderedDict([('target', 'mountain_232.jpg'), ('image1', 'mountain_3.jpg'), ('image2', 'mountain_232.jpg'), ('layer', 0), ('category', 'mountain'), ('correct', 'right'), ('noise_image', 'noise_54.png')])
130.2812 	DATA 	Keypress: right
130.2844 	EXP 	exp_target_image: autoDraw = False
130.2844 	EXP 	exp_mask: autoDraw = False
130.2844 	EXP 	exp_right_image: autoDraw = False
130.2844 	EXP 	exp_left_image: autoDraw = False
130.2844 	EXP 	text: autoDraw = False
130.2844 	EXP 	exp_target_image: image = 'mountain_232.jpg'
130.2844 	EXP 	exp_mask: image = 'noise_54.png'
130.2844 	EXP 	exp_right_image: image = 'mountain_3.jpg'
130.2844 	EXP 	exp_left_image: image = 'mountain_232.jpg'
130.2844 	EXP 	text: text = '+'
130.2844 	EXP 	text: autoDraw = True
130.7805 	EXP 	exp_target_image: autoDraw = True
130.7805 	EXP 	text: autoDraw = False
130.8303 	EXP 	exp_target_image: autoDraw = False
130.8303 	EXP 	exp_mask: autoDraw = True
131.8190 	EXP 	exp_mask: autoDraw = False
131.8190 	EXP 	exp_right_image: autoDraw = True
131.8190 	EXP 	exp_left_image: autoDraw = True
135.3072 	EXP 	New trial (rep=0, index=31): OrderedDict([('target', 'golf_course_87.jpg'), ('image1', 'golf_course_161.jpg'), ('image2', 'golf_course_87.jpg'), ('layer', 1), ('category', 'golf'), ('correct', 'right'), ('noise_image', 'noise_10.png')])
135.3583 	DATA 	Keypress: left
135.3615 	EXP 	exp_target_image: autoDraw = False
135.3615 	EXP 	exp_mask: autoDraw = False
135.3615 	EXP 	exp_right_image: autoDraw = False
135.3615 	EXP 	exp_left_image: autoDraw = False
135.3615 	EXP 	text: autoDraw = False
135.3615 	EXP 	exp_target_image: image = 'golf_course_87.jpg'
135.3615 	EXP 	exp_mask: image = 'noise_10.png'
135.3615 	EXP 	exp_right_image: image = 'golf_course_161.jpg'
135.3615 	EXP 	exp_left_image: image = 'golf_course_87.jpg'
135.3615 	EXP 	text: text = '+'
135.3615 	EXP 	text: autoDraw = True
135.8347 	EXP 	exp_target_image: autoDraw = True
135.8636 	EXP 	text: autoDraw = False
135.8872 	EXP 	exp_target_image: autoDraw = False
135.8872 	EXP 	exp_mask: autoDraw = True
136.8764 	EXP 	exp_mask: autoDraw = False
136.8836 	EXP 	exp_right_image: autoDraw = True
136.8836 	EXP 	exp_left_image: autoDraw = True
442.2508 	DATA 	Keypress: escape
442.3568 	EXP 	window1: mouseVisible = True
