0.6938 	WARNING 	We strongly recommend you activate the PTB sound engine in PsychoPy prefs as the preferred audio engine. Its timing is vastly superior. Your prefs are currently set to use ['sounddevice', 'PTB', 'pyo', 'pygame'] (in that order).
8.3057 	WARNING 	Couldn't measure a consistent frame rate.
  - Is your graphics card set to sync to vertical blank?
  - Are you running other processes on your computer?

8.3064 	EXP 	Created window1 = Window(allowGUI=False, allowStencil=False, autoLog=True, backendConf=UNKNOWN, bitsMode=UNKNOWN, blendMode='avg', bpc=(8, 8, 8), color=array([0, 0, 0]), colorSpace='rgb', depthBits=8, fullscr=<method-wrapper '__getattribute__' of attributeSetter object at 0x7f951026fba8>, gamma=None, gammaErrorPolicy='raise', lms=UNKNOWN, monitor=<psychopy.monitors.calibTools.Monitor object at 0x7f95100a4cc0>, multiSample=False, name='window1', numSamples=2, pos=[378.0, 245.5], screen=0, size=array([3024, 1964]), stencilBits=0, stereo=False, units='height', useFBO=True, useRetina=True, viewOri=0.0, viewPos=None, viewScale=None, waitBlanking=True, winType='pyglet')
8.3068 	EXP 	window1: mouseVisible = True
8.3069 	EXP 	window1: recordFrameIntervals = False
8.3870 	EXP 	window1: recordFrameIntervals = True
9.2234 	WARNING 	Couldn't measure a consistent frame rate.
  - Is your graphics card set to sync to vertical blank?
  - Are you running other processes on your computer?

10.3183 	EXP 	Created text_consent_form = TextStim(__class__=<class 'psychopy.visual.text.TextStim'>, alignHoriz=method-wrapper(...), alignText='center', alignVert=method-wrapper(...), anchorHoriz='center', anchorVert='center', antialias=True, autoLog=True, bold=False, color=array([1., 1., 1.]), colorSpace='rgb', contrast=1.0, depth=-1.0, flipHoriz=False, flipVert=False, font='Open Sans', fontFiles=[], height=0.025, italic=False, languageStyle='LTR', name='text_consent_form', opacity=1, ori=0.0, pos=array([0.   , 0.025]), rgb=UNKNOWN, text=str(...), units='height', win=Window(...), wrapWidth=1)
10.3362 	EXP 	window1: mouseVisible = True
10.5863 	EXP 	Created text_instructions_first_slide = TextStim(__class__=<class 'psychopy.visual.text.TextStim'>, alignHoriz=method-wrapper(...), alignText='center', alignVert=method-wrapper(...), anchorHoriz='center', anchorVert='center', antialias=True, autoLog=True, bold=False, color=array([1., 1., 1.]), colorSpace='rgb', contrast=1.0, depth=-1.0, flipHoriz=False, flipVert=False, font='Open Sans', fontFiles=[], height=0.03, italic=False, languageStyle='LTR', name='text_instructions_first_slide', opacity=1, ori=0.0, pos=array([0., 0.]), rgb=UNKNOWN, text=str(...), units='height', win=Window(...), wrapWidth=1)
10.5907 	EXP 	Created image_0_demo = ImageStim(__class__=<class 'psychopy.visual.image.ImageStim'>, autoLog=True, color=array([1., 1., 1.]), colorSpace='rgb', contrast=1.0, depth=0.0, flipHoriz=False, flipVert=False, image='sin', interpolate=True, mask=None, maskParams=None, name='image_0_demo', opacity=1, ori=0.0, pos=array([0., 0.]), size=array([0.5, 0.5]), texRes=128.0, units='height', win=Window(...))
10.5934 	EXP 	Created image_1_demo = ImageStim(__class__=<class 'psychopy.visual.image.ImageStim'>, autoLog=True, color=array([1., 1., 1.]), colorSpace='rgb', contrast=1.0, depth=-1.0, flipHoriz=False, flipVert=False, image='sin', interpolate=True, mask=None, maskParams=None, name='image_1_demo', opacity=1, ori=0.0, pos=array([0., 0.]), size=array([0.5, 0.5]), texRes=128.0, units='height', win=Window(...))
10.5960 	EXP 	Created image_2_demo = ImageStim(__class__=<class 'psychopy.visual.image.ImageStim'>, autoLog=True, color=array([1., 1., 1.]), colorSpace='rgb', contrast=1.0, depth=-2.0, flipHoriz=False, flipVert=False, image='sin', interpolate=True, mask=None, maskParams=None, name='image_2_demo', opacity=1, ori=0.0, pos=array([0., 0.]), size=array([0.5, 0.5]), texRes=128.0, units='height', win=Window(...))
10.5986 	EXP 	Created image_3_demo = ImageStim(__class__=<class 'psychopy.visual.image.ImageStim'>, autoLog=True, color=array([1., 1., 1.]), colorSpace='rgb', contrast=1.0, depth=-3.0, flipHoriz=False, flipVert=False, image='sin', interpolate=True, mask=None, maskParams=None, name='image_3_demo', opacity=1, ori=0.0, pos=array([0., 0.]), size=array([0.5, 0.5]), texRes=128.0, units='height', win=Window(...))
10.6012 	EXP 	Created image_4_demo = ImageStim(__class__=<class 'psychopy.visual.image.ImageStim'>, autoLog=True, color=array([1., 1., 1.]), colorSpace='rgb', contrast=1.0, depth=-4.0, flipHoriz=False, flipVert=False, image='sin', interpolate=True, mask=None, maskParams=None, name='image_4_demo', opacity=1, ori=0.0, pos=array([0., 0.]), size=array([0.5, 0.5]), texRes=128.0, units='height', win=Window(...))
10.6038 	EXP 	Created image_5_demo = ImageStim(__class__=<class 'psychopy.visual.image.ImageStim'>, autoLog=True, color=array([1., 1., 1.]), colorSpace='rgb', contrast=1.0, depth=-5.0, flipHoriz=False, flipVert=False, image='sin', interpolate=True, mask=None, maskParams=None, name='image_5_demo', opacity=1, ori=0.0, pos=array([0., 0.]), size=array([0.5, 0.5]), texRes=128.0, units='height', win=Window(...))
10.6048 	EXP 	Created blank_screen_demo = TextStim(__class__=<class 'psychopy.visual.text.TextStim'>, alignHoriz=method-wrapper(...), alignText='center', alignVert=method-wrapper(...), anchorHoriz='center', anchorVert='center', antialias=True, autoLog=True, bold=False, color=array([1., 1., 1.]), colorSpace='rgb', contrast=1.0, depth=-6.0, flipHoriz=False, flipVert=False, font='Open Sans', fontFiles=[], height=0.1, italic=False, languageStyle='LTR', name='blank_screen_demo', opacity=1, ori=0.0, pos=array([0., 0.]), rgb=UNKNOWN, text='', units='height', win=Window(...), wrapWidth=1)
10.6071 	EXP 	Created fixation_demo = TextStim(__class__=<class 'psychopy.visual.text.TextStim'>, alignHoriz=method-wrapper(...), alignText='center', alignVert=method-wrapper(...), anchorHoriz='center', anchorVert='center', antialias=True, autoLog=True, bold=False, color=array([1., 1., 1.]), colorSpace='rgb', contrast=1.0, depth=-7.0, flipHoriz=False, flipVert=False, font='Open Sans', fontFiles=[], height=0.1, italic=False, languageStyle='LTR', name='fixation_demo', opacity=1, ori=0.0, pos=array([0., 0.]), rgb=UNKNOWN, text='+', units='height', win=Window(...), wrapWidth=1)
10.6098 	EXP 	Created image_left_demo = ImageStim(__class__=<class 'psychopy.visual.image.ImageStim'>, autoLog=True, color=array([1., 1., 1.]), colorSpace='rgb', contrast=1.0, depth=0.0, flipHoriz=False, flipVert=False, image='sin', interpolate=True, mask=None, maskParams=None, name='image_left_demo', opacity=1, ori=0.0, pos=array([-0.3,  0. ]), size=array([0.5, 0.5]), texRes=128.0, units='height', win=Window(...))
10.6124 	EXP 	Created image_right_demo = ImageStim(__class__=<class 'psychopy.visual.image.ImageStim'>, autoLog=True, color=array([1., 1., 1.]), colorSpace='rgb', contrast=1.0, depth=-1.0, flipHoriz=False, flipVert=False, image='sin', interpolate=True, mask=None, maskParams=None, name='image_right_demo', opacity=1, ori=0.0, pos=array([0.3, 0. ]), size=array([0.5, 0.5]), texRes=128.0, units='height', win=Window(...))
10.8482 	EXP 	Created text_4 = TextStim(__class__=<class 'psychopy.visual.text.TextStim'>, alignHoriz=method-wrapper(...), alignText='center', alignVert=method-wrapper(...), anchorHoriz='center', anchorVert='center', antialias=True, autoLog=True, bold=False, color=array([1., 1., 1.]), colorSpace='rgb', contrast=1.0, depth=-3.0, flipHoriz=False, flipVert=False, font='Open Sans', fontFiles=[], height=0.05, italic=False, languageStyle='LTR', name='text_4', opacity=1, ori=0.0, pos=array([0. , 0.4]), rgb=UNKNOWN, text='', units='height', win=Window(...), wrapWidth=1)
11.0954 	EXP 	Created text_after_demo_instr = TextStim(__class__=<class 'psychopy.visual.text.TextStim'>, alignHoriz=method-wrapper(...), alignText='center', alignVert=method-wrapper(...), anchorHoriz='center', anchorVert='center', antialias=True, autoLog=True, bold=False, color=array([1., 1., 1.]), colorSpace='rgb', contrast=1.0, depth=-1.0, flipHoriz=False, flipVert=False, font='Open Sans', fontFiles=[], height=0.05, italic=False, languageStyle='LTR', name='text_after_demo_instr', opacity=1, ori=0.0, pos=array([0., 0.]), rgb=UNKNOWN, text=str(...), units='height', win=Window(...), wrapWidth=1)
11.0985 	EXP 	Created image_0 = ImageStim(__class__=<class 'psychopy.visual.image.ImageStim'>, autoLog=True, color=array([1., 1., 1.]), colorSpace='rgb', contrast=1.0, depth=0.0, flipHoriz=False, flipVert=False, image='sin', interpolate=True, mask=None, maskParams=None, name='image_0', opacity=1, ori=0.0, pos=array([0., 0.]), size=array([0.5, 0.5]), texRes=128.0, units='height', win=Window(...))
11.1010 	EXP 	Created image_1 = ImageStim(__class__=<class 'psychopy.visual.image.ImageStim'>, autoLog=True, color=array([1., 1., 1.]), colorSpace='rgb', contrast=1.0, depth=-1.0, flipHoriz=False, flipVert=False, image='sin', interpolate=True, mask=None, maskParams=None, name='image_1', opacity=1, ori=0.0, pos=array([0., 0.]), size=array([0.5, 0.5]), texRes=128.0, units='height', win=Window(...))
11.1036 	EXP 	Created image_2 = ImageStim(__class__=<class 'psychopy.visual.image.ImageStim'>, autoLog=True, color=array([1., 1., 1.]), colorSpace='rgb', contrast=1.0, depth=-2.0, flipHoriz=False, flipVert=False, image='sin', interpolate=True, mask=None, maskParams=None, name='image_2', opacity=1, ori=0.0, pos=array([0., 0.]), size=array([0.5, 0.5]), texRes=128.0, units='height', win=Window(...))
11.1062 	EXP 	Created image_3 = ImageStim(__class__=<class 'psychopy.visual.image.ImageStim'>, autoLog=True, color=array([1., 1., 1.]), colorSpace='rgb', contrast=1.0, depth=-3.0, flipHoriz=False, flipVert=False, image='sin', interpolate=True, mask=None, maskParams=None, name='image_3', opacity=1, ori=0.0, pos=array([0., 0.]), size=array([0.5, 0.5]), texRes=128.0, units='height', win=Window(...))
11.1088 	EXP 	Created image_4 = ImageStim(__class__=<class 'psychopy.visual.image.ImageStim'>, autoLog=True, color=array([1., 1., 1.]), colorSpace='rgb', contrast=1.0, depth=-4.0, flipHoriz=False, flipVert=False, image='sin', interpolate=True, mask=None, maskParams=None, name='image_4', opacity=1, ori=0.0, pos=array([0., 0.]), size=array([0.5, 0.5]), texRes=128.0, units='height', win=Window(...))
11.1114 	EXP 	Created image_5 = ImageStim(__class__=<class 'psychopy.visual.image.ImageStim'>, autoLog=True, color=array([1., 1., 1.]), colorSpace='rgb', contrast=1.0, depth=-5.0, flipHoriz=False, flipVert=False, image='sin', interpolate=True, mask=None, maskParams=None, name='image_5', opacity=1, ori=0.0, pos=array([0., 0.]), size=array([0.5, 0.5]), texRes=128.0, units='height', win=Window(...))
11.1122 	EXP 	Created blank_screen = TextStim(__class__=<class 'psychopy.visual.text.TextStim'>, alignHoriz=method-wrapper(...), alignText='center', alignVert=method-wrapper(...), anchorHoriz='center', anchorVert='center', antialias=True, autoLog=True, bold=False, color=array([1., 1., 1.]), colorSpace='rgb', contrast=1.0, depth=-6.0, flipHoriz=False, flipVert=False, font='Open Sans', fontFiles=[], height=0.1, italic=False, languageStyle='LTR', name='blank_screen', opacity=1, ori=0.0, pos=array([0., 0.]), rgb=UNKNOWN, text='', units='height', win=Window(...), wrapWidth=1)
11.1128 	EXP 	Created fixation_encoding = TextStim(__class__=<class 'psychopy.visual.text.TextStim'>, alignHoriz=method-wrapper(...), alignText='center', alignVert=method-wrapper(...), anchorHoriz='center', anchorVert='center', antialias=True, autoLog=True, bold=False, color=array([1., 1., 1.]), colorSpace='rgb', contrast=1.0, depth=-7.0, flipHoriz=False, flipVert=False, font='Open Sans', fontFiles=[], height=0.1, italic=False, languageStyle='LTR', name='fixation_encoding', opacity=1, ori=0.0, pos=array([0., 0.]), rgb=UNKNOWN, text='', units='height', win=Window(...), wrapWidth=1)
11.1154 	EXP 	Created image_left = ImageStim(__class__=<class 'psychopy.visual.image.ImageStim'>, autoLog=True, color=array([1., 1., 1.]), colorSpace='rgb', contrast=1.0, depth=0.0, flipHoriz=False, flipVert=False, image='sin', interpolate=True, mask=None, maskParams=None, name='image_left', opacity=1, ori=0.0, pos=array([-0.3,  0. ]), size=array([0.5, 0.5]), texRes=128.0, units='height', win=Window(...))
11.1180 	EXP 	Created image_right = ImageStim(__class__=<class 'psychopy.visual.image.ImageStim'>, autoLog=True, color=array([1., 1., 1.]), colorSpace='rgb', contrast=1.0, depth=-1.0, flipHoriz=False, flipVert=False, image='sin', interpolate=True, mask=None, maskParams=None, name='image_right', opacity=1, ori=0.0, pos=array([0.3, 0. ]), size=array([0.5, 0.5]), texRes=128.0, units='height', win=Window(...))
11.3543 	EXP 	Created text_6 = TextStim(__class__=<class 'psychopy.visual.text.TextStim'>, alignHoriz=method-wrapper(...), alignText='center', alignVert=method-wrapper(...), anchorHoriz='center', anchorVert='center', antialias=True, autoLog=True, bold=False, color=array([1., 1., 1.]), colorSpace='rgb', contrast=1.0, depth=-3.0, flipHoriz=False, flipVert=False, font='Open Sans', fontFiles=[], height=0.05, italic=False, languageStyle='LTR', name='text_6', opacity=1, ori=0.0, pos=array([0. , 0.4]), rgb=UNKNOWN, text='', units='height', win=Window(...), wrapWidth=1)
11.3662 	EXP 	Created text_2 = TextStim(__class__=<class 'psychopy.visual.text.TextStim'>, alignHoriz=method-wrapper(...), alignText='center', alignVert=method-wrapper(...), anchorHoriz='center', anchorVert='center', antialias=True, autoLog=True, bold=False, color=array([1., 1., 1.]), colorSpace='rgb', contrast=1.0, depth=0.0, flipHoriz=False, flipVert=False, font='Open Sans', fontFiles=[], height=0.05, italic=False, languageStyle='LTR', name='text_2', opacity=1, ori=0.0, pos=array([0., 0.]), rgb=UNKNOWN, text=str(...), units='height', win=Window(...), wrapWidth=1)
11.6029 	EXP 	Created image_left_part2 = ImageStim(__class__=<class 'psychopy.visual.image.ImageStim'>, autoLog=True, color=array([1., 1., 1.]), colorSpace='rgb', contrast=1.0, depth=0.0, flipHoriz=False, flipVert=False, image='sin', interpolate=True, mask=None, maskParams=None, name='image_left_part2', opacity=1, ori=0.0, pos=array([-0.3,  0. ]), size=array([0.5, 0.5]), texRes=128.0, units='height', win=Window(...))
11.6055 	EXP 	Created image_right_part2 = ImageStim(__class__=<class 'psychopy.visual.image.ImageStim'>, autoLog=True, color=array([1., 1., 1.]), colorSpace='rgb', contrast=1.0, depth=-1.0, flipHoriz=False, flipVert=False, image='sin', interpolate=True, mask=None, maskParams=None, name='image_right_part2', opacity=1, ori=0.0, pos=array([0.3, 0. ]), size=array([0.5, 0.5]), texRes=128.0, units='height', win=Window(...))
11.6172 	EXP 	window1: mouseVisible = True
11.6363 	EXP 	Created slider_part2 = Slider(__class__=<class 'psychopy.visual.slider.Slider'>, autoDraw=False, autoLog=True, borderColor=None, color=None, colorSpace='rgb', depth=-2, fillColor=None, flip=False, font='Open Sans', granularity=0.0, labelHeight=0.03, labelWrapWidth=None, labels=list(...), name='slider_part2', opacity=None, pos=(0, -0.32), readOnly=False, self=UNKNOWN, size=(1.0, 0.05), startValue=None, style=method-wrapper(...), styleTweaks=method-wrapper(...), ticks=array([1, 2, 3, 4, 5, 6, 7, 8, 9]), units='height', win=Window(...))
11.6391 	EXP 	Created text_5 = TextStim(__class__=<class 'psychopy.visual.text.TextStim'>, alignHoriz=method-wrapper(...), alignText='center', alignVert=method-wrapper(...), anchorHoriz='center', anchorVert='center', antialias=True, autoLog=True, bold=False, color=array([1., 1., 1.]), colorSpace='rgb', contrast=1.0, depth=-3.0, flipHoriz=False, flipVert=False, font='Open Sans', fontFiles=[], height=0.05, italic=False, languageStyle='LTR', name='text_5', opacity=1, ori=0.0, pos=array([0. , 0.4]), rgb=UNKNOWN, text='', units='height', win=Window(...), wrapWidth=1)
11.8812 	EXP 	Created text_last_slide = TextStim(__class__=<class 'psychopy.visual.text.TextStim'>, alignHoriz=method-wrapper(...), alignText='center', alignVert=method-wrapper(...), anchorHoriz='center', anchorVert='center', antialias=True, autoLog=True, bold=False, color=array([1., 1., 1.]), colorSpace='rgb', contrast=1.0, depth=-1.0, flipHoriz=False, flipVert=False, font='Open Sans', fontFiles=[], height=0.05, italic=False, languageStyle='LTR', name='text_last_slide', opacity=1, ori=0.0, pos=array([0., 0.]), rgb=UNKNOWN, text=str(...), units='height', win=Window(...), wrapWidth=1)
11.8903 	WARNING 	t of last frame was 2667.26ms (=1/0)
11.8903 	EXP 	slider_part2: autoLog = True
11.8903 	EXP 	slider_part2: markerPos = None
11.8903 	EXP 	slider_part2: rating = None
11.8903 	EXP 	slider_part2: markerPos = None
11.8903 	EXP 	slider_part2: contrast = 1.0
11.8903 	EXP 	slider_part2: autoLog = True
11.8903 	EXP 	slider_part2: styleTweaks = []
11.8903 	EXP 	slider_part2: style = 'rating'
11.8903 	EXP 	slider_part2: styleTweaks = []
11.8903 	EXP 	text_consent_form: autoDraw = True
22.8186 	DATA 	Mouse: Left button down, pos=(775,125)
22.8189 	DATA 	Mouse:  Left button up, pos=(775,125)
24.2098 	DATA 	Mouse: Left button down, pos=(775,125)
24.2152 	EXP 	text_consent_form: autoDraw = False
24.2152 	EXP 	text_instructions_first_slide: autoDraw = True
24.4212 	DATA 	Mouse:  Left button up, pos=(775,125)
33.5729 	DATA 	Mouse: Left button down, pos=(775,125)
33.7288 	DATA 	Mouse:  Left button up, pos=(775,125)
35.0411 	DATA 	Mouse: Left button down, pos=(775,125)
35.0417 	DATA 	Mouse:  Left button up, pos=(775,125)
35.5602 	EXP 	Imported demo_encoding.xlsx as conditions, 3 conditions, 11 params
35.5611 	EXP 	Created sequence: sequential, trialTypes=3, nReps=1, seed=None
35.5617 	EXP 	New trial (rep=0, index=0): {'target': 'flower1.jpg', 'image1': 'flower1.jpg', 'image2': 'flower1_pair.jpg', 'correct': 'left', 'background_0': 'leaf3.jpg', 'background_1': 'trail1.jpg', 'background_2': 'flower1.jpg', 'background_3': 'bird1.jpg', 'background_4': 'tree3.jpg', 'background_5': 'fence4.jpg', 'target_index': 2}
35.6438 	DATA 	Keypress: space
35.6484 	WARNING 	t of last frame was 104.29ms (=1/9)
35.6484 	EXP 	text_instructions_first_slide: autoDraw = False
35.6484 	EXP 	image_0_demo: image = 'leaf3.jpg'
35.6484 	EXP 	image_1_demo: image = 'trail1.jpg'
35.6484 	EXP 	image_2_demo: image = 'flower1.jpg'
35.6484 	EXP 	image_3_demo: image = 'bird1.jpg'
35.6484 	EXP 	image_4_demo: image = 'tree3.jpg'
35.6484 	EXP 	image_5_demo: image = 'fence4.jpg'
35.6484 	EXP 	blank_screen_demo: text = ''
35.6484 	EXP 	fixation_demo: autoDraw = True
36.1359 	EXP 	image_0_demo: autoDraw = True
36.1402 	EXP 	fixation_demo: autoDraw = False
36.3336 	EXP 	image_0_demo: autoDraw = False
36.3336 	EXP 	image_1_demo: autoDraw = True
36.5343 	EXP 	image_1_demo: autoDraw = False
36.5343 	EXP 	image_2_demo: autoDraw = True
36.7344 	EXP 	image_2_demo: autoDraw = False
36.7344 	EXP 	image_3_demo: autoDraw = True
36.9337 	EXP 	image_3_demo: autoDraw = False
36.9337 	EXP 	image_4_demo: autoDraw = True
37.1316 	EXP 	image_4_demo: autoDraw = False
37.1316 	EXP 	image_5_demo: autoDraw = True
37.3296 	EXP 	image_5_demo: autoDraw = False
37.3341 	EXP 	blank_screen_demo: autoDraw = True
38.2865 	WARNING 	t of last frame was 32.46ms (=1/30)
38.2865 	EXP 	image_0_demo: autoDraw = False
38.2865 	EXP 	image_1_demo: autoDraw = False
38.2865 	EXP 	image_2_demo: autoDraw = False
38.2865 	EXP 	image_3_demo: autoDraw = False
38.2865 	EXP 	image_4_demo: autoDraw = False
38.2865 	EXP 	image_5_demo: autoDraw = False
38.2865 	EXP 	blank_screen_demo: autoDraw = False
38.2865 	EXP 	fixation_demo: autoDraw = False
38.2865 	EXP 	image_left_demo: image = 'flower1.jpg'
38.2865 	EXP 	image_right_demo: image = 'flower1_pair.jpg'
38.2865 	EXP 	text_4: text = 'choose the image you have previously seen'
38.2865 	EXP 	image_left_demo: autoDraw = True
38.2865 	EXP 	image_right_demo: autoDraw = True
38.2865 	EXP 	text_4: autoDraw = True
40.3847 	EXP 	New trial (rep=0, index=1): {'target': 'leaf2.jpg', 'image1': 'leaf1.jpg', 'image2': 'leaf2.jpg', 'correct': 'right', 'background_0': 'trail2.jpg', 'background_1': 'leaf2.jpg', 'background_2': 'bird2.jpg', 'background_3': 'tree2.jpg', 'background_4': 'fence3.jpg', 'background_5': 'flower2.jpg', 'target_index': 1}
40.4594 	DATA 	Keypress: left
40.4627 	WARNING 	t of last frame was 79.79ms (=1/12)
40.4627 	EXP 	image_left_demo: autoDraw = False
40.4627 	EXP 	image_right_demo: autoDraw = False
40.4627 	EXP 	text_4: autoDraw = False
40.4627 	EXP 	image_0_demo: image = 'trail2.jpg'
40.4627 	EXP 	image_1_demo: image = 'leaf2.jpg'
40.4627 	EXP 	image_2_demo: image = 'bird2.jpg'
40.4627 	EXP 	image_3_demo: image = 'tree2.jpg'
40.4627 	EXP 	image_4_demo: image = 'fence3.jpg'
40.4627 	EXP 	image_5_demo: image = 'flower2.jpg'
40.4627 	EXP 	blank_screen_demo: text = ''
40.4627 	EXP 	fixation_demo: autoDraw = True
40.9029 	EXP 	image_0_demo: autoDraw = True
40.9627 	EXP 	fixation_demo: autoDraw = False
41.0947 	EXP 	image_0_demo: autoDraw = False
41.1150 	EXP 	image_1_demo: autoDraw = True
41.3149 	EXP 	image_1_demo: autoDraw = False
41.3149 	EXP 	image_2_demo: autoDraw = True
41.5153 	EXP 	image_2_demo: autoDraw = False
41.5153 	EXP 	image_3_demo: autoDraw = True
41.7145 	EXP 	image_3_demo: autoDraw = False
41.7145 	EXP 	image_4_demo: autoDraw = True
41.9151 	EXP 	image_4_demo: autoDraw = False
41.9151 	EXP 	image_5_demo: autoDraw = True
42.1155 	EXP 	image_5_demo: autoDraw = False
42.1155 	EXP 	blank_screen_demo: autoDraw = True
43.1262 	WARNING 	Multiple dropped frames have occurred - I'll stop bothering you about them!
43.1261 	EXP 	image_0_demo: autoDraw = False
43.1261 	EXP 	image_1_demo: autoDraw = False
43.1261 	EXP 	image_2_demo: autoDraw = False
43.1261 	EXP 	image_3_demo: autoDraw = False
43.1261 	EXP 	image_4_demo: autoDraw = False
43.1261 	EXP 	image_5_demo: autoDraw = False
43.1261 	EXP 	blank_screen_demo: autoDraw = False
43.1261 	EXP 	fixation_demo: autoDraw = False
43.1261 	EXP 	image_left_demo: image = 'leaf1.jpg'
43.1261 	EXP 	image_right_demo: image = 'leaf2.jpg'
43.1261 	EXP 	text_4: text = 'choose the image you have previously seen'
43.1261 	EXP 	image_left_demo: autoDraw = True
43.1261 	EXP 	image_right_demo: autoDraw = True
43.1261 	EXP 	text_4: autoDraw = True
45.1795 	EXP 	New trial (rep=0, index=2): {'target': 'fence1.jpg', 'image1': 'fence1.jpg', 'image2': 'fence2.jpg', 'correct': 'left', 'background_0': 'tree1.jpg', 'background_1': 'bird3.jpg', 'background_2': 'trail3.jpg', 'background_3': 'fence1.jpg', 'background_4': 'leaf4.jpg', 'background_5': 'flower3.jpg', 'target_index': 3}
45.2306 	DATA 	Keypress: left
45.2337 	EXP 	image_left_demo: autoDraw = False
45.2337 	EXP 	image_right_demo: autoDraw = False
45.2337 	EXP 	text_4: autoDraw = False
45.2337 	EXP 	image_0_demo: image = 'tree1.jpg'
45.2337 	EXP 	image_1_demo: image = 'bird3.jpg'
45.2337 	EXP 	image_2_demo: image = 'trail3.jpg'
45.2337 	EXP 	image_3_demo: image = 'fence1.jpg'
45.2337 	EXP 	image_4_demo: image = 'leaf4.jpg'
45.2337 	EXP 	image_5_demo: image = 'flower3.jpg'
45.2337 	EXP 	blank_screen_demo: text = ''
45.2337 	EXP 	fixation_demo: autoDraw = True
45.7113 	EXP 	image_0_demo: autoDraw = True
45.7286 	EXP 	fixation_demo: autoDraw = False
45.9096 	EXP 	image_0_demo: autoDraw = False
45.9096 	EXP 	image_1_demo: autoDraw = True
46.1101 	EXP 	image_1_demo: autoDraw = False
46.1101 	EXP 	image_2_demo: autoDraw = True
46.3055 	EXP 	image_2_demo: autoDraw = False
46.3109 	EXP 	image_3_demo: autoDraw = True
46.4987 	EXP 	image_3_demo: autoDraw = False
46.5116 	EXP 	image_4_demo: autoDraw = True
46.6983 	EXP 	image_4_demo: autoDraw = False
46.7115 	EXP 	image_5_demo: autoDraw = True
46.9124 	EXP 	image_5_demo: autoDraw = False
46.9124 	EXP 	blank_screen_demo: autoDraw = True
47.9037 	EXP 	image_0_demo: autoDraw = False
47.9037 	EXP 	image_1_demo: autoDraw = False
47.9037 	EXP 	image_2_demo: autoDraw = False
47.9037 	EXP 	image_3_demo: autoDraw = False
47.9037 	EXP 	image_4_demo: autoDraw = False
47.9037 	EXP 	image_5_demo: autoDraw = False
47.9037 	EXP 	blank_screen_demo: autoDraw = False
47.9037 	EXP 	fixation_demo: autoDraw = False
47.9037 	EXP 	image_left_demo: image = 'fence1.jpg'
47.9037 	EXP 	image_right_demo: image = 'fence2.jpg'
47.9037 	EXP 	text_4: text = 'choose the image you have previously seen'
47.9037 	EXP 	image_left_demo: autoDraw = True
47.9037 	EXP 	image_right_demo: autoDraw = True
47.9037 	EXP 	text_4: autoDraw = True
49.9827 	DATA 	Keypress: right
49.9861 	EXP 	image_left_demo: autoDraw = False
49.9861 	EXP 	image_right_demo: autoDraw = False
49.9861 	EXP 	text_4: autoDraw = False
49.9861 	EXP 	text_after_demo_instr: autoDraw = True
65.4943 	EXP 	Imported sub_0.csv as conditions, 60 conditions, 14 params
65.4949 	EXP 	Created sequence: sequential, trialTypes=60, nReps=1, seed=None
65.4954 	EXP 	New trial (rep=0, index=0): OrderedDict([('target', 'badlands_113.jpg'), ('selected_dist', 'badlands_225.jpg'), ('distractor_level', 0), ('image1', 'badlands_113.jpg'), ('image2', 'badlands_225.jpg'), ('correct', 'left'), ('category', 'badlands'), ('background_0', 'mountain_151.jpg'), ('background_1', 'highway_76.jpg'), ('background_2', 'badlands_113.jpg'), ('background_3', 'golf_course_221.jpg'), ('background_4', 'bridge_136.jpg'), ('background_5', 'playground_153.jpg'), ('target_index', 2)])
65.5538 	DATA 	Keypress: space
65.5572 	EXP 	text_after_demo_instr: autoDraw = False
65.5572 	EXP 	image_0: image = 'mountain_151.jpg'
65.5572 	EXP 	image_1: image = 'highway_76.jpg'
65.5572 	EXP 	image_2: image = 'badlands_113.jpg'
65.5572 	EXP 	image_3: image = 'golf_course_221.jpg'
65.5572 	EXP 	image_4: image = 'bridge_136.jpg'
65.5572 	EXP 	image_5: image = 'playground_153.jpg'
65.5572 	EXP 	blank_screen: text = ''
65.5572 	EXP 	fixation_encoding: text = '+'
65.5572 	EXP 	fixation_encoding: autoDraw = True
66.0407 	EXP 	image_0: autoDraw = True
66.0504 	EXP 	fixation_encoding: autoDraw = False
66.2318 	EXP 	image_0: autoDraw = False
66.2492 	EXP 	image_1: autoDraw = True
66.4401 	EXP 	image_1: autoDraw = False
66.4401 	EXP 	image_2: autoDraw = True
66.6321 	EXP 	image_2: autoDraw = False
66.6536 	EXP 	image_3: autoDraw = True
66.8425 	EXP 	image_3: autoDraw = False
66.8425 	EXP 	image_4: autoDraw = True
67.0361 	EXP 	image_4: autoDraw = False
67.0404 	EXP 	image_5: autoDraw = True
67.2354 	EXP 	image_5: autoDraw = False
67.2404 	EXP 	blank_screen: autoDraw = True
68.2101 	EXP 	image_0: autoDraw = False
68.2101 	EXP 	image_1: autoDraw = False
68.2101 	EXP 	image_2: autoDraw = False
68.2101 	EXP 	image_3: autoDraw = False
68.2101 	EXP 	image_4: autoDraw = False
68.2101 	EXP 	image_5: autoDraw = False
68.2101 	EXP 	blank_screen: autoDraw = False
68.2101 	EXP 	fixation_encoding: autoDraw = False
68.2101 	EXP 	image_left: image = 'badlands_113.jpg'
68.2101 	EXP 	image_right: image = 'badlands_225.jpg'
68.2101 	EXP 	text_6: text = 'choose the image you have previously seen'
68.2101 	EXP 	image_left: autoDraw = True
68.2101 	EXP 	image_right: autoDraw = True
68.2101 	EXP 	text_6: autoDraw = True
99.5346 	EXP 	New trial (rep=0, index=1): OrderedDict([('target', 'badlands_222.jpg'), ('selected_dist', 'badlands_34.jpg'), ('distractor_level', 0), ('image1', 'badlands_222.jpg'), ('image2', 'badlands_34.jpg'), ('correct', 'left'), ('category', 'badlands'), ('background_0', 'highway_247.jpg'), ('background_1', 'badlands_222.jpg'), ('background_2', 'mountain_43.jpg'), ('background_3', 'golf_course_333.jpg'), ('background_4', 'bridge_142.jpg'), ('background_5', 'playground_126.jpg'), ('target_index', 1)])
99.5961 	DATA 	Keypress: left
99.5993 	EXP 	image_left: autoDraw = False
99.5993 	EXP 	image_right: autoDraw = False
99.5993 	EXP 	text_6: autoDraw = False
99.5993 	EXP 	image_0: image = 'highway_247.jpg'
99.5993 	EXP 	image_1: image = 'badlands_222.jpg'
99.5993 	EXP 	image_2: image = 'mountain_43.jpg'
99.5993 	EXP 	image_3: image = 'golf_course_333.jpg'
99.5993 	EXP 	image_4: image = 'bridge_142.jpg'
99.5993 	EXP 	image_5: image = 'playground_126.jpg'
99.5993 	EXP 	blank_screen: text = ''
99.5993 	EXP 	fixation_encoding: text = '+'
99.5993 	EXP 	fixation_encoding: autoDraw = True
100.0823 	EXP 	image_0: autoDraw = True
100.0941 	EXP 	fixation_encoding: autoDraw = False
100.2777 	EXP 	image_0: autoDraw = False
100.2777 	EXP 	image_1: autoDraw = True
100.4775 	EXP 	image_1: autoDraw = False
100.4823 	EXP 	image_2: autoDraw = True
100.6792 	EXP 	image_2: autoDraw = False
100.6848 	EXP 	image_3: autoDraw = True
100.8787 	EXP 	image_3: autoDraw = False
100.8787 	EXP 	image_4: autoDraw = True
101.0649 	EXP 	image_4: autoDraw = False
101.0844 	EXP 	image_5: autoDraw = True
101.2836 	EXP 	image_5: autoDraw = False
101.2836 	EXP 	blank_screen: autoDraw = True
102.2672 	EXP 	image_0: autoDraw = False
102.2672 	EXP 	image_1: autoDraw = False
102.2672 	EXP 	image_2: autoDraw = False
102.2672 	EXP 	image_3: autoDraw = False
102.2672 	EXP 	image_4: autoDraw = False
102.2672 	EXP 	image_5: autoDraw = False
102.2672 	EXP 	blank_screen: autoDraw = False
102.2672 	EXP 	fixation_encoding: autoDraw = False
102.2672 	EXP 	image_left: image = 'badlands_222.jpg'
102.2672 	EXP 	image_right: image = 'badlands_34.jpg'
102.2672 	EXP 	text_6: text = 'choose the image you have previously seen'
102.2672 	EXP 	image_left: autoDraw = True
102.2672 	EXP 	image_right: autoDraw = True
102.2672 	EXP 	text_6: autoDraw = True
105.7061 	EXP 	New trial (rep=0, index=2): OrderedDict([('target', 'highway_359.jpg'), ('selected_dist', 'highway_379.jpg'), ('distractor_level', 1), ('image1', 'highway_359.jpg'), ('image2', 'highway_379.jpg'), ('correct', 'left'), ('category', 'highway'), ('background_0', 'mountain_268.jpg'), ('background_1', 'badlands_180.jpg'), ('background_2', 'bridge_96.jpg'), ('background_3', 'highway_359.jpg'), ('background_4', 'playground_191.jpg'), ('background_5', 'golf_course_67.jpg'), ('target_index', 3)])
105.7689 	DATA 	Keypress: right
105.7724 	EXP 	image_left: autoDraw = False
105.7724 	EXP 	image_right: autoDraw = False
105.7724 	EXP 	text_6: autoDraw = False
105.7724 	EXP 	image_0: image = 'mountain_268.jpg'
105.7724 	EXP 	image_1: image = 'badlands_180.jpg'
105.7724 	EXP 	image_2: image = 'bridge_96.jpg'
105.7724 	EXP 	image_3: image = 'highway_359.jpg'
105.7724 	EXP 	image_4: image = 'playground_191.jpg'
105.7724 	EXP 	image_5: image = 'golf_course_67.jpg'
105.7724 	EXP 	blank_screen: text = ''
105.7724 	EXP 	fixation_encoding: text = '+'
105.7724 	EXP 	fixation_encoding: autoDraw = True
106.2499 	EXP 	image_0: autoDraw = True
106.2646 	EXP 	fixation_encoding: autoDraw = False
106.4400 	EXP 	image_0: autoDraw = False
106.4604 	EXP 	image_1: autoDraw = True
106.6557 	EXP 	image_1: autoDraw = False
106.6617 	EXP 	image_2: autoDraw = True
106.8616 	EXP 	image_2: autoDraw = False
106.8616 	EXP 	image_3: autoDraw = True
107.0506 	EXP 	image_3: autoDraw = False
107.0506 	EXP 	image_4: autoDraw = True
107.2504 	EXP 	image_4: autoDraw = False
107.2504 	EXP 	image_5: autoDraw = True
107.4512 	EXP 	image_5: autoDraw = False
107.4512 	EXP 	blank_screen: autoDraw = True
108.4403 	EXP 	image_0: autoDraw = False
108.4403 	EXP 	image_1: autoDraw = False
108.4403 	EXP 	image_2: autoDraw = False
108.4403 	EXP 	image_3: autoDraw = False
108.4403 	EXP 	image_4: autoDraw = False
108.4403 	EXP 	image_5: autoDraw = False
108.4403 	EXP 	blank_screen: autoDraw = False
108.4403 	EXP 	fixation_encoding: autoDraw = False
108.4403 	EXP 	image_left: image = 'highway_359.jpg'
108.4403 	EXP 	image_right: image = 'highway_379.jpg'
108.4403 	EXP 	text_6: text = 'choose the image you have previously seen'
108.4403 	EXP 	image_left: autoDraw = True
108.4403 	EXP 	image_right: autoDraw = True
108.4403 	EXP 	text_6: autoDraw = True
121.8188 	EXP 	New trial (rep=0, index=3): OrderedDict([('target', 'mountain_222.jpg'), ('selected_dist', 'mountain_244.jpg'), ('distractor_level', 0), ('image1', 'mountain_244.jpg'), ('image2', 'mountain_222.jpg'), ('correct', 'right'), ('category', 'mountain'), ('background_0', 'mountain_222.jpg'), ('background_1', 'playground_181.jpg'), ('background_2', 'bridge_266.jpg'), ('background_3', 'golf_course_176.jpg'), ('background_4', 'badlands_156.jpg'), ('background_5', 'highway_268.jpg'), ('target_index', 0)])
121.8788 	DATA 	Keypress: left
121.8824 	EXP 	image_left: autoDraw = False
121.8824 	EXP 	image_right: autoDraw = False
121.8824 	EXP 	text_6: autoDraw = False
121.8824 	EXP 	image_0: image = 'mountain_222.jpg'
121.8824 	EXP 	image_1: image = 'playground_181.jpg'
121.8824 	EXP 	image_2: image = 'bridge_266.jpg'
121.8824 	EXP 	image_3: image = 'golf_course_176.jpg'
121.8824 	EXP 	image_4: image = 'badlands_156.jpg'
121.8824 	EXP 	image_5: image = 'highway_268.jpg'
121.8824 	EXP 	blank_screen: text = ''
121.8824 	EXP 	fixation_encoding: text = '+'
121.8824 	EXP 	fixation_encoding: autoDraw = True
122.3609 	EXP 	image_0: autoDraw = True
122.3776 	EXP 	fixation_encoding: autoDraw = False
122.5582 	EXP 	image_0: autoDraw = False
122.5630 	EXP 	image_1: autoDraw = True
122.7550 	EXP 	image_1: autoDraw = False
122.7683 	EXP 	image_2: autoDraw = True
122.9678 	EXP 	image_2: autoDraw = False
122.9678 	EXP 	image_3: autoDraw = True
123.1664 	EXP 	image_3: autoDraw = False
123.1664 	EXP 	image_4: autoDraw = True
123.3651 	EXP 	image_4: autoDraw = False
123.3651 	EXP 	image_5: autoDraw = True
123.5654 	EXP 	image_5: autoDraw = False
123.5654 	EXP 	blank_screen: autoDraw = True
124.5521 	EXP 	image_0: autoDraw = False
124.5521 	EXP 	image_1: autoDraw = False
124.5521 	EXP 	image_2: autoDraw = False
124.5521 	EXP 	image_3: autoDraw = False
124.5521 	EXP 	image_4: autoDraw = False
124.5521 	EXP 	image_5: autoDraw = False
124.5521 	EXP 	blank_screen: autoDraw = False
124.5521 	EXP 	fixation_encoding: autoDraw = False
124.5521 	EXP 	image_left: image = 'mountain_244.jpg'
124.5521 	EXP 	image_right: image = 'mountain_222.jpg'
124.5521 	EXP 	text_6: text = 'choose the image you have previously seen'
124.5521 	EXP 	image_left: autoDraw = True
124.5521 	EXP 	image_right: autoDraw = True
124.5521 	EXP 	text_6: autoDraw = True
142.4998 	DATA 	Keypress: escape
142.6260 	EXP 	window1: mouseVisible = True
